Started GET "/users/new" for ::1 at 2019-05-24 12:04:22 -0400

PG::ConnectionBad - FATAL:  database "Bench_development" does not exist
:

Started POST "/__better_errors/6bcb63653878f031/variables" for ::1 at 2019-05-24 12:04:23 -0400
Started GET "/" for ::1 at 2019-05-24 12:04:29 -0400

PG::ConnectionBad - FATAL:  database "Bench_development" does not exist
:

Started POST "/__better_errors/a5355aabc0ae6afc/variables" for ::1 at 2019-05-24 12:04:29 -0400
  [1m[35m (759.9ms)[0m  [1m[35mCREATE DATABASE "Bench_development" ENCODING = 'unicode'[0m
  ↳ bin/rails:9
  [1m[35m (408.2ms)[0m  [1m[35mCREATE DATABASE "Bench_test" ENCODING = 'unicode'[0m
  ↳ bin/rails:9
Started GET "/" for ::1 at 2019-05-24 12:05:11 -0400
Processing by StaticPagesController#root as HTML
  Rendering static_pages/root.html within layouts/application
  Rendered static_pages/root.html within layouts/application (1.7ms)
Completed 200 OK in 5309ms (Views: 5307.3ms | ActiveRecord: 0.0ms)


Started GET "/" for ::1 at 2019-05-24 12:05:24 -0400
Processing by StaticPagesController#root as HTML
  Rendering static_pages/root.html within layouts/application
  Rendered static_pages/root.html within layouts/application (0.4ms)
Completed 200 OK in 35ms (Views: 32.5ms | ActiveRecord: 0.0ms)


Started GET "/" for ::1 at 2019-05-24 12:05:48 -0400
Processing by StaticPagesController#root as HTML
  Rendering static_pages/root.html within layouts/application
  Rendered static_pages/root.html within layouts/application (0.9ms)
Completed 200 OK in 516ms (Views: 512.0ms | ActiveRecord: 0.0ms)


  [1m[35m (255.8ms)[0m  [1m[35mCREATE TABLE "schema_migrations" ("version" character varying NOT NULL PRIMARY KEY)[0m
  ↳ bin/rails:9
  [1m[35m (21.4ms)[0m  [1m[35mCREATE TABLE "ar_internal_metadata" ("key" character varying NOT NULL PRIMARY KEY, "value" character varying, "created_at" timestamp NOT NULL, "updated_at" timestamp NOT NULL)[0m
  ↳ bin/rails:9
  [1m[35m (0.3ms)[0m  [1m[34mSELECT pg_try_advisory_lock(8171842694650355175)[0m
  ↳ bin/rails:9
  [1m[35m (2.9ms)[0m  [1m[34mSELECT "schema_migrations"."version" FROM "schema_migrations" ORDER BY "schema_migrations"."version" ASC[0m
  ↳ bin/rails:9
Migrating to CreateUsers (20190524160951)
  [1m[35m (0.2ms)[0m  [1m[35mBEGIN[0m
  ↳ bin/rails:9
  [1m[35m (64.1ms)[0m  [1m[35mCREATE TABLE "users" ("id" bigserial primary key, "username" character varying NOT NULL, "password_digest" character varying NOT NULL, "session_token" character varying NOT NULL, "created_at" timestamp NOT NULL, "updated_at" timestamp NOT NULL)[0m
  ↳ db/migrate/20190524160951_create_users.rb:3
  [1m[35m (1.5ms)[0m  [1m[35mCREATE UNIQUE INDEX  "index_users_on_username" ON "users"  ("username")[0m
  ↳ db/migrate/20190524160951_create_users.rb:10
  [1m[35m (1.5ms)[0m  [1m[35mCREATE  INDEX  "index_users_on_password_digest" ON "users"  ("password_digest")[0m
  ↳ db/migrate/20190524160951_create_users.rb:11
  [1m[35m (1.6ms)[0m  [1m[35mCREATE UNIQUE INDEX  "index_users_on_session_token" ON "users"  ("session_token")[0m
  ↳ db/migrate/20190524160951_create_users.rb:12
  [1m[36mActiveRecord::SchemaMigration Create (0.8ms)[0m  [1m[32mINSERT INTO "schema_migrations" ("version") VALUES ($1) RETURNING "version"[0m  [["version", "20190524160951"]]
  ↳ bin/rails:9
  [1m[35m (0.6ms)[0m  [1m[35mCOMMIT[0m
  ↳ bin/rails:9
  [1m[36mActiveRecord::InternalMetadata Load (0.6ms)[0m  [1m[34mSELECT  "ar_internal_metadata".* FROM "ar_internal_metadata" WHERE "ar_internal_metadata"."key" = $1 LIMIT $2[0m  [["key", "environment"], ["LIMIT", 1]]
  ↳ bin/rails:9
  [1m[35m (0.2ms)[0m  [1m[35mBEGIN[0m
  ↳ bin/rails:9
  [1m[36mActiveRecord::InternalMetadata Create (0.5ms)[0m  [1m[32mINSERT INTO "ar_internal_metadata" ("key", "value", "created_at", "updated_at") VALUES ($1, $2, $3, $4) RETURNING "key"[0m  [["key", "environment"], ["value", "development"], ["created_at", "2019-05-24 16:12:07.122341"], ["updated_at", "2019-05-24 16:12:07.122341"]]
  ↳ bin/rails:9
  [1m[35m (0.5ms)[0m  [1m[35mCOMMIT[0m
  ↳ bin/rails:9
  [1m[35m (0.3ms)[0m  [1m[34mSELECT pg_advisory_unlock(8171842694650355175)[0m
  ↳ bin/rails:9
  [1m[35m (0.3ms)[0m  [1m[34mSELECT "schema_migrations"."version" FROM "schema_migrations" ORDER BY "schema_migrations"."version" ASC[0m
  ↳ bin/rails:9
  [1m[35m (0.9ms)[0m  [1m[34mSELECT "schema_migrations"."version" FROM "schema_migrations" ORDER BY "schema_migrations"."version" ASC[0m
  ↳ /Users/aa/.rbenv/versions/2.5.1/bin/annotate:23
Started GET "/" for ::1 at 2019-05-24 14:13:22 -0400
  [1m[35m (1.0ms)[0m  [1m[34mSELECT "schema_migrations"."version" FROM "schema_migrations" ORDER BY "schema_migrations"."version" ASC[0m
  ↳ /Users/aa/.rbenv/versions/2.5.1/lib/ruby/gems/2.5.0/gems/activerecord-5.2.3/lib/active_record/log_subscriber.rb:98

SyntaxError - syntax error, unexpected ':', expecting keyword_end
    helper_method: :current_user, :logged_in?
                 ^:
  app/controllers/application_controller.rb:2:in `'
  app/controllers/static_pages_controller.rb:1:in `<top (required)>'

Started POST "/__better_errors/cf4ff7f675d6ef65/variables" for ::1 at 2019-05-24 14:13:22 -0400
Started GET "/" for ::1 at 2019-05-24 14:13:38 -0400

SyntaxError - syntax error, unexpected ':', expecting keyword_end
    helper_method: :current_user, :logged_in?
                 ^:
  app/controllers/application_controller.rb:2:in `'
  app/controllers/static_pages_controller.rb:1:in `<top (required)>'

Started POST "/__better_errors/ca975d05d441af34/variables" for ::1 at 2019-05-24 14:13:38 -0400
Started GET "/" for ::1 at 2019-05-24 14:13:57 -0400

SyntaxError - syntax error, unexpected ':', expecting keyword_end
    helper_method: current_user, logged_in?
                 ^
/Users/aa/Desktop/rand/W7D5/BnB_Bench/app/controllers/application_controller.rb:2: syntax error, unexpected '\n', expecting &. or :: or '[' or '.'
...ethod: current_user, logged_in?
...                               ^:
  app/controllers/application_controller.rb:2:in `'
  app/controllers/static_pages_controller.rb:1:in `<top (required)>'

Started POST "/__better_errors/7c3a0ab83f60202b/variables" for ::1 at 2019-05-24 14:13:58 -0400
Started GET "/" for ::1 at 2019-05-24 14:14:12 -0400
Processing by StaticPagesController#root as HTML
  Rendering static_pages/root.html within layouts/application
  Rendered static_pages/root.html within layouts/application (1.5ms)
Started GET "/" for ::1 at 2019-05-24 14:14:14 -0400
Completed 200 OK in 3345ms (Views: 3342.5ms | ActiveRecord: 0.0ms)


Processing by StaticPagesController#root as HTML
  Rendering static_pages/root.html within layouts/application
  Rendered static_pages/root.html within layouts/application (0.6ms)
Completed 200 OK in 31ms (Views: 29.2ms | ActiveRecord: 0.0ms)


Started GET "/" for ::1 at 2019-05-24 14:14:19 -0400
Processing by StaticPagesController#root as HTML
  Rendering static_pages/root.html within layouts/application
  Rendered static_pages/root.html within layouts/application (0.3ms)
Completed 200 OK in 25ms (Views: 23.6ms | ActiveRecord: 0.0ms)


Started GET "/" for ::1 at 2019-05-24 14:14:20 -0400
Processing by StaticPagesController#root as HTML
  Rendering static_pages/root.html within layouts/application
  Rendered static_pages/root.html within layouts/application (0.3ms)
Completed 200 OK in 18ms (Views: 16.4ms | ActiveRecord: 0.0ms)


Started GET "/" for ::1 at 2019-05-24 14:14:20 -0400
Processing by StaticPagesController#root as HTML
  Rendering static_pages/root.html within layouts/application
  Rendered static_pages/root.html within layouts/application (0.5ms)
Completed 200 OK in 18ms (Views: 16.5ms | ActiveRecord: 0.0ms)


Started GET "/" for ::1 at 2019-05-24 14:14:21 -0400
Processing by StaticPagesController#root as HTML
  Rendering static_pages/root.html within layouts/application
  Rendered static_pages/root.html within layouts/application (0.4ms)
Completed 200 OK in 17ms (Views: 15.7ms | ActiveRecord: 0.0ms)


Started GET "/" for ::1 at 2019-05-24 14:14:21 -0400
Processing by StaticPagesController#root as HTML
  Rendering static_pages/root.html within layouts/application
  Rendered static_pages/root.html within layouts/application (0.4ms)
Completed 200 OK in 21ms (Views: 19.0ms | ActiveRecord: 0.0ms)


Started GET "/" for ::1 at 2019-05-24 14:14:21 -0400
Processing by StaticPagesController#root as HTML
  Rendering static_pages/root.html within layouts/application
  Rendered static_pages/root.html within layouts/application (0.3ms)
Completed 200 OK in 20ms (Views: 18.9ms | ActiveRecord: 0.0ms)


Started GET "/" for ::1 at 2019-05-24 14:14:21 -0400
Processing by StaticPagesController#root as HTML
  Rendering static_pages/root.html within layouts/application
  Rendered static_pages/root.html within layouts/application (0.3ms)
Completed 200 OK in 27ms (Views: 25.6ms | ActiveRecord: 0.0ms)


Started GET "/" for ::1 at 2019-05-24 14:15:11 -0400
Processing by StaticPagesController#root as */*
  Rendering static_pages/root.html within layouts/application
  Rendered static_pages/root.html within layouts/application (0.3ms)
Completed 200 OK in 111ms (Views: 94.0ms | ActiveRecord: 0.0ms)


Started GET "/api/users/1" for ::1 at 2019-05-24 14:15:52 -0400
  
ActionController::RoutingError (No route matches [GET] "/api/users/1"):
  
actionpack (5.2.3) lib/action_dispatch/middleware/debug_exceptions.rb:65:in `call'
web-console (3.7.0) lib/web_console/middleware.rb:135:in `call_app'
web-console (3.7.0) lib/web_console/middleware.rb:30:in `block in call'
web-console (3.7.0) lib/web_console/middleware.rb:20:in `catch'
web-console (3.7.0) lib/web_console/middleware.rb:20:in `call'
actionpack (5.2.3) lib/action_dispatch/middleware/show_exceptions.rb:33:in `call'
railties (5.2.3) lib/rails/rack/logger.rb:38:in `call_app'
railties (5.2.3) lib/rails/rack/logger.rb:26:in `block in call'
activesupport (5.2.3) lib/active_support/tagged_logging.rb:71:in `block in tagged'
activesupport (5.2.3) lib/active_support/tagged_logging.rb:28:in `tagged'
activesupport (5.2.3) lib/active_support/tagged_logging.rb:71:in `tagged'
railties (5.2.3) lib/rails/rack/logger.rb:26:in `call'
sprockets-rails (3.2.1) lib/sprockets/rails/quiet_assets.rb:13:in `call'
actionpack (5.2.3) lib/action_dispatch/middleware/remote_ip.rb:81:in `call'
actionpack (5.2.3) lib/action_dispatch/middleware/request_id.rb:27:in `call'
rack (2.0.7) lib/rack/method_override.rb:22:in `call'
rack (2.0.7) lib/rack/runtime.rb:22:in `call'
activesupport (5.2.3) lib/active_support/cache/strategy/local_cache_middleware.rb:29:in `call'
actionpack (5.2.3) lib/action_dispatch/middleware/executor.rb:14:in `call'
actionpack (5.2.3) lib/action_dispatch/middleware/static.rb:127:in `call'
rack (2.0.7) lib/rack/sendfile.rb:111:in `call'
railties (5.2.3) lib/rails/engine.rb:524:in `call'
puma (3.12.1) lib/puma/configuration.rb:227:in `call'
puma (3.12.1) lib/puma/server.rb:660:in `handle_request'
puma (3.12.1) lib/puma/server.rb:474:in `process_client'
puma (3.12.1) lib/puma/server.rb:334:in `block in run'
puma (3.12.1) lib/puma/thread_pool.rb:135:in `block in spawn_thread'
Started DELETE "/api/session" for ::1 at 2019-05-24 14:18:25 -0400

NameError - uninitialized constant Api::SessionsController:

Started GET "/" for ::1 at 2019-05-24 14:18:43 -0400
Processing by StaticPagesController#root as HTML
  Rendering static_pages/root.html within layouts/application
  Rendered static_pages/root.html within layouts/application (0.3ms)
Completed 200 OK in 66ms (Views: 64.7ms | ActiveRecord: 0.0ms)


Started DELETE "/api/session" for ::1 at 2019-05-24 14:18:46 -0400

NameError - uninitialized constant Api::SessionsController:

Started POST "/api/users" for ::1 at 2019-05-24 14:21:21 -0400

NameError - uninitialized constant Api::UsersController:

Started POST "/api/users" for ::1 at 2019-05-24 14:22:55 -0400

NameError - uninitialized constant Api::UsersController:

Started POST "/api/users" for ::1 at 2019-05-24 14:24:08 -0400

NameError - uninitialized constant Api::UsersController:

Started POST "/api/users" for ::1 at 2019-05-24 14:26:06 -0400

NameError - uninitialized constant Api::UsersController:

Started GET "/" for ::1 at 2019-05-24 14:27:13 -0400
Processing by StaticPagesController#root as HTML
  Rendering static_pages/root.html within layouts/application
  Rendered static_pages/root.html within layouts/application (0.3ms)
Completed 200 OK in 166ms (Views: 164.8ms | ActiveRecord: 0.0ms)


Started POST "/api/users" for ::1 at 2019-05-24 14:27:18 -0400
Processing by Api::UsersController#create as JSON
  Parameters: {"username"=>"mynameisJeff", "password"=>"[FILTERED]"}
Completed 500 Internal Server Error in 11776ms (ActiveRecord: 4.9ms)



NoMethodError - undefined method `after_intialize' for #<Class:0x00007fa0483efdd8>
Did you mean?  after_initialize:
  app/models/user.rb:17:in `<class:User>'
  app/models/user.rb:13:in `<top (required)>'
  app/controllers/api/users_controller.rb:5:in `create'

Started GET "/" for ::1 at 2019-05-24 14:28:11 -0400
Processing by StaticPagesController#root as HTML
  Rendering static_pages/root.html within layouts/application
  Rendered static_pages/root.html within layouts/application (0.3ms)
Completed 200 OK in 78ms (Views: 76.7ms | ActiveRecord: 0.0ms)


Started POST "/api/users" for ::1 at 2019-05-24 14:28:15 -0400
Processing by Api::UsersController#create as JSON
  Parameters: {"username"=>"mynameisJeff", "password"=>"[FILTERED]"}
Completed 400 Bad Request in 11ms (ActiveRecord: 0.0ms)



ActionController::ParameterMissing - param is missing or the value is empty: user:
  app/controllers/api/users_controller.rb:17:in `user_params'
  app/controllers/api/users_controller.rb:5:in `create'

Started POST "/api/users" for ::1 at 2019-05-24 14:28:40 -0400
Processing by Api::UsersController#create as JSON
  Parameters: {"user"=>{"username"=>"mynameisJeff", "password"=>"[FILTERED]"}}
Completed 500 Internal Server Error in 175ms (ActiveRecord: 9.9ms)



NoMethodError - private method `generate_session_token' called for #<User:0x00007fa043c6dbb8>:
  app/models/user.rb:44:in `ensure_session_token'
  app/controllers/api/users_controller.rb:5:in `create'

Started GET "/" for ::1 at 2019-05-24 14:29:34 -0400
Processing by StaticPagesController#root as HTML
  Rendering static_pages/root.html within layouts/application
  Rendered static_pages/root.html within layouts/application (0.3ms)
Completed 200 OK in 60ms (Views: 57.6ms | ActiveRecord: 0.0ms)


Started POST "/api/users" for ::1 at 2019-05-24 14:29:37 -0400
Processing by Api::UsersController#create as JSON
  Parameters: {"user"=>{"username"=>"mynameisJeff", "password"=>"[FILTERED]"}}
Completed 500 Internal Server Error in 150ms (ActiveRecord: 13.4ms)



NoMethodError - undefined method `generate_session_token' for #<User:0x00007fa04998a8c8>:
  app/models/user.rb:48:in `ensure_session_token'
  app/controllers/api/users_controller.rb:5:in `create'

Started GET "/" for ::1 at 2019-05-24 14:30:16 -0400
Processing by StaticPagesController#root as HTML
  Rendering static_pages/root.html within layouts/application
  Rendered static_pages/root.html within layouts/application (0.3ms)
Completed 200 OK in 36ms (Views: 32.6ms | ActiveRecord: 0.0ms)


Started POST "/api/users" for ::1 at 2019-05-24 14:30:19 -0400
Processing by Api::UsersController#create as JSON
  Parameters: {"user"=>{"username"=>"mynameisJeff", "password"=>"[FILTERED]"}}
  [1m[35m (0.2ms)[0m  [1m[35mBEGIN[0m
  ↳ app/controllers/api/users_controller.rb:7
  [1m[36mUser Create (61.1ms)[0m  [1m[32mINSERT INTO "users" ("username", "password_digest", "session_token", "created_at", "updated_at") VALUES ($1, $2, $3, $4, $5) RETURNING "id"[0m  [["username", "mynameisJeff"], ["password_digest", "$2a$10$77G9mxW9FYzSvPMXwa8o1ufYBqGZOU208op2NDZtFIFMBo25x.ley"], ["session_token", "aN9dd56P_Bw6-YEL2WBDxA"], ["created_at", "2019-05-24 18:30:19.748228"], ["updated_at", "2019-05-24 18:30:19.748228"]]
  ↳ app/controllers/api/users_controller.rb:7
  [1m[35m (11.6ms)[0m  [1m[35mCOMMIT[0m
  ↳ app/controllers/api/users_controller.rb:7
Completed 200 OK in 204ms (Views: 8.5ms | ActiveRecord: 82.9ms)


Started DELETE "/api/session" for ::1 at 2019-05-24 14:31:05 -0400

NameError - uninitialized constant Api::SessionsController:

Started GET "/" for ::1 at 2019-05-24 14:32:36 -0400
  [1m[35m (24.6ms)[0m  [1m[34mSELECT "schema_migrations"."version" FROM "schema_migrations" ORDER BY "schema_migrations"."version" ASC[0m
  ↳ /Users/aa/.rbenv/versions/2.5.1/lib/ruby/gems/2.5.0/gems/activerecord-5.2.3/lib/active_record/log_subscriber.rb:98
Processing by StaticPagesController#root as HTML
  Rendering static_pages/root.html within layouts/application
  Rendered static_pages/root.html within layouts/application (1.8ms)
Completed 200 OK in 3341ms (Views: 3339.3ms | ActiveRecord: 0.0ms)


Started DELETE "/api/session" for ::1 at 2019-05-24 14:32:43 -0400

NameError - uninitialized constant Api::SessionsController:

Started GET "/" for ::1 at 2019-05-24 14:33:05 -0400
Processing by StaticPagesController#root as HTML
  Rendering static_pages/root.html within layouts/application
  Rendered static_pages/root.html within layouts/application (0.3ms)
Completed 200 OK in 27ms (Views: 25.5ms | ActiveRecord: 0.0ms)


Started DELETE "/api/session" for ::1 at 2019-05-24 14:33:07 -0400

NameError - uninitialized constant Api::SessionsController:

Started GET "/" for ::1 at 2019-05-24 14:34:01 -0400
Processing by StaticPagesController#root as HTML
  Rendering static_pages/root.html within layouts/application
  Rendered static_pages/root.html within layouts/application (0.3ms)
Completed 200 OK in 26ms (Views: 23.7ms | ActiveRecord: 0.0ms)


Started DELETE "/api/session" for ::1 at 2019-05-24 14:34:04 -0400

NameError - uninitialized constant Api::SessionsController:

Started GET "/" for ::1 at 2019-05-24 14:34:19 -0400
Processing by StaticPagesController#root as HTML
  Rendering static_pages/root.html within layouts/application
  Rendered static_pages/root.html within layouts/application (0.3ms)
Completed 200 OK in 78ms (Views: 76.2ms | ActiveRecord: 0.0ms)


Started DELETE "/api/session" for ::1 at 2019-05-24 14:34:22 -0400
Processing by Api::SessionsController#destroy as JSON
  [1m[36mUser Load (0.6ms)[0m  [1m[34mSELECT  "users".* FROM "users" WHERE "users"."session_token" IS NULL LIMIT $1[0m  [["LIMIT", 1]]
  ↳ app/controllers/application_controller.rb:6
Completed 404 Not Found in 15270ms (Views: 0.2ms | ActiveRecord: 4.2ms)


Started GET "/" for ::1 at 2019-05-24 14:35:28 -0400
Processing by StaticPagesController#root as HTML
  Rendering static_pages/root.html within layouts/application
  Rendered static_pages/root.html within layouts/application (0.5ms)
Completed 200 OK in 67ms (Views: 64.5ms | ActiveRecord: 0.0ms)


Started GET "/" for ::1 at 2019-05-24 14:40:55 -0400
Processing by StaticPagesController#root as HTML
  Rendering static_pages/root.html within layouts/application
  Rendered static_pages/root.html within layouts/application (0.5ms)
Completed 200 OK in 561ms (Views: 558.8ms | ActiveRecord: 0.0ms)


Started POST "/api/users" for ::1 at 2019-05-24 14:41:39 -0400
Processing by Api::UsersController#create as JSON
  Parameters: {"user"=>{"username"=>"sandy", "password"=>"[FILTERED]"}}
  [1m[35m (0.2ms)[0m  [1m[35mBEGIN[0m
  ↳ app/controllers/api/users_controller.rb:7
  [1m[36mUser Create (1.2ms)[0m  [1m[32mINSERT INTO "users" ("username", "password_digest", "session_token", "created_at", "updated_at") VALUES ($1, $2, $3, $4, $5) RETURNING "id"[0m  [["username", "sandy"], ["password_digest", "$2a$10$bnzGQPopQ8XjIroH5OeIKeUC7ny2.kFscKNLV7xsoTq1M5manqBKa"], ["session_token", "CDjlCmXfAjwU0Mi8gv9GXw"], ["created_at", "2019-05-24 18:41:39.980583"], ["updated_at", "2019-05-24 18:41:39.980583"]]
  ↳ app/controllers/api/users_controller.rb:7
  [1m[35m (37.8ms)[0m  [1m[35mCOMMIT[0m
  ↳ app/controllers/api/users_controller.rb:7
Completed 200 OK in 186ms (Views: 0.9ms | ActiveRecord: 54.7ms)


  [1m[36mUser Load (0.9ms)[0m  [1m[34mSELECT "users".* FROM "users"[0m
Started POST "/api/session" for ::1 at 2019-05-24 14:43:11 -0400
Processing by Api::SessionsController#create as JSON
  Parameters: {"user"=>{"username"=>"sandy", "password"=>"[FILTERED]"}}
  [1m[36mUser Load (0.6ms)[0m  [1m[34mSELECT  "users".* FROM "users" WHERE "users"."username" = $1 LIMIT $2[0m  [["username", "sandy"], ["LIMIT", 1]]
  ↳ app/models/user.rb:21
Completed 422 Unprocessable Entity in 94ms (Views: 0.2ms | ActiveRecord: 1.4ms)


Started GET "/" for ::1 at 2019-05-24 14:43:29 -0400
Processing by StaticPagesController#root as HTML
  Rendering static_pages/root.html within layouts/application
  Rendered static_pages/root.html within layouts/application (0.4ms)
Completed 200 OK in 94ms (Views: 92.1ms | ActiveRecord: 0.0ms)


Started POST "/api/session" for ::1 at 2019-05-24 14:43:34 -0400
Processing by Api::SessionsController#create as JSON
  Parameters: {"user"=>{"username"=>"sandy", "password"=>"[FILTERED]"}}
  [1m[36mUser Load (0.5ms)[0m  [1m[34mSELECT  "users".* FROM "users" WHERE "users"."username" = $1 LIMIT $2[0m  [["username", "sandy"], ["LIMIT", 1]]
  ↳ app/models/user.rb:21
Completed 422 Unprocessable Entity in 84ms (Views: 0.2ms | ActiveRecord: 0.5ms)


Started GET "/" for ::1 at 2019-05-24 14:44:44 -0400
Processing by StaticPagesController#root as HTML
  Rendering static_pages/root.html within layouts/application
  Rendered static_pages/root.html within layouts/application (0.3ms)
Completed 200 OK in 67ms (Views: 64.5ms | ActiveRecord: 0.0ms)


Started POST "/api/session" for ::1 at 2019-05-24 14:44:51 -0400
Processing by Api::SessionsController#create as JSON
  Parameters: {"user"=>{"username"=>"sandy", "password"=>"[FILTERED]"}}
Started GET "/" for ::1 at 2019-05-24 14:45:19 -0400
Started GET "/" for ::1 at 2019-05-24 14:45:19 -0400
  [1m[36mUser Load (0.6ms)[0m  [1m[34mSELECT  "users".* FROM "users" WHERE "users"."username" = $1 LIMIT $2[0m  [["username", "sandy"], ["LIMIT", 1]]
  ↳ app/models/user.rb:21
Completed 422 Unprocessable Entity in 30063ms (Views: 1.6ms | ActiveRecord: 7.9ms)


Processing by StaticPagesController#root as HTML
Processing by StaticPagesController#root as HTML
  Rendering static_pages/root.html within layouts/application
  Rendered static_pages/root.html within layouts/application (1.2ms)
  Rendering static_pages/root.html within layouts/application
  Rendered static_pages/root.html within layouts/application (0.1ms)
Completed 200 OK in 256ms (Views: 253.4ms | ActiveRecord: 0.0ms)


Completed 200 OK in 254ms (Views: 251.7ms | ActiveRecord: 0.0ms)


Started GET "/" for ::1 at 2019-05-24 14:45:23 -0400
Processing by StaticPagesController#root as HTML
  Rendering static_pages/root.html within layouts/application
  Rendered static_pages/root.html within layouts/application (0.5ms)
Completed 200 OK in 331ms (Views: 327.5ms | ActiveRecord: 0.0ms)


Started POST "/api/session" for ::1 at 2019-05-24 14:45:28 -0400
Processing by Api::SessionsController#create as JSON
  Parameters: {"user"=>{"username"=>"sandy", "password"=>"[FILTERED]"}}
  [1m[36mUser Load (1.3ms)[0m  [1m[34mSELECT  "users".* FROM "users" WHERE "users"."username" = $1 LIMIT $2[0m  [["username", "sandy"], ["LIMIT", 1]]
  ↳ app/models/user.rb:21
Completed 422 Unprocessable Entity in 56317ms (Views: 0.2ms | ActiveRecord: 24.2ms)


Started GET "/" for ::1 at 2019-05-24 14:46:24 -0400
Processing by StaticPagesController#root as HTML
  Rendering static_pages/root.html within layouts/application
  Rendered static_pages/root.html within layouts/application (0.5ms)
Completed 200 OK in 49ms (Views: 46.1ms | ActiveRecord: 0.0ms)


Started GET "/" for ::1 at 2019-05-24 14:46:34 -0400
Processing by StaticPagesController#root as HTML
  Rendering static_pages/root.html within layouts/application
  Rendered static_pages/root.html within layouts/application (0.3ms)
Completed 200 OK in 30ms (Views: 28.3ms | ActiveRecord: 0.0ms)


Started POST "/api/session" for ::1 at 2019-05-24 14:46:41 -0400
Processing by Api::SessionsController#create as JSON
  Parameters: {"user"=>{"username"=>"sandy", "password"=>"[FILTERED]"}}
  [1m[36mUser Load (2.4ms)[0m  [1m[34mSELECT  "users".* FROM "users" WHERE "users"."username" = $1 LIMIT $2[0m  [["username", "sandy"], ["LIMIT", 1]]
  ↳ app/models/user.rb:21
  [1m[35m (0.4ms)[0m  [1m[35mBEGIN[0m
  ↳ app/models/user.rb:38
  [1m[36mUser Update (0.9ms)[0m  [1m[33mUPDATE "users" SET "session_token" = $1, "updated_at" = $2 WHERE "users"."id" = $3[0m  [["session_token", "LJbpExqeAnwuXQ9Ew6rsFg"], ["updated_at", "2019-05-24 18:46:48.463075"], ["id", 2]]
  ↳ app/models/user.rb:38
  [1m[35m (15.7ms)[0m  [1m[35mCOMMIT[0m
  ↳ app/models/user.rb:38
No template found for Api::SessionsController#create, rendering head :no_content
Completed 204 No Content in 7385ms (ActiveRecord: 35.0ms)


Started GET "/" for ::1 at 2019-05-24 14:47:02 -0400
Processing by StaticPagesController#root as HTML
  Rendering static_pages/root.html within layouts/application
  Rendered static_pages/root.html within layouts/application (0.6ms)
Completed 200 OK in 31ms (Views: 29.2ms | ActiveRecord: 0.0ms)


Started POST "/api/session" for ::1 at 2019-05-24 14:47:06 -0400
Processing by Api::SessionsController#create as JSON
  Parameters: {"user"=>{"username"=>"sandy", "password"=>"[FILTERED]"}}
  [1m[36mUser Load (1.4ms)[0m  [1m[34mSELECT  "users".* FROM "users" WHERE "users"."username" = $1 LIMIT $2[0m  [["username", "sandy"], ["LIMIT", 1]]
  ↳ app/models/user.rb:21
  [1m[35m (0.2ms)[0m  [1m[35mBEGIN[0m
  ↳ app/models/user.rb:38
  [1m[36mUser Update (0.7ms)[0m  [1m[33mUPDATE "users" SET "session_token" = $1, "updated_at" = $2 WHERE "users"."id" = $3[0m  [["session_token", "ThIhwjmZX3BWzHVX9lLvmg"], ["updated_at", "2019-05-24 18:47:06.630813"], ["id", 2]]
  ↳ app/models/user.rb:38
  [1m[35m (0.5ms)[0m  [1m[35mCOMMIT[0m
  ↳ app/models/user.rb:38
No template found for Api::SessionsController#create, rendering head :no_content
Completed 204 No Content in 259ms (ActiveRecord: 12.2ms)


Started DELETE "/api/session" for ::1 at 2019-05-24 14:47:38 -0400
Processing by Api::SessionsController#destroy as JSON
  [1m[36mUser Load (0.6ms)[0m  [1m[34mSELECT  "users".* FROM "users" WHERE "users"."session_token" = $1 LIMIT $2[0m  [["session_token", "ThIhwjmZX3BWzHVX9lLvmg"], ["LIMIT", 1]]
  ↳ app/controllers/application_controller.rb:6
Completed 500 Internal Server Error in 168ms (ActiveRecord: 8.5ms)



NoMethodError - undefined method `logout!' for #<Api::SessionsController:0x00007f9a31a0b900>
Did you mean?  logout:
  app/controllers/api/sessions_controller.rb:23:in `destroy'

Started GET "/" for ::1 at 2019-05-24 14:48:30 -0400
Processing by StaticPagesController#root as HTML
  Rendering static_pages/root.html within layouts/application
  Rendered static_pages/root.html within layouts/application (0.3ms)
Completed 200 OK in 31ms (Views: 28.9ms | ActiveRecord: 0.0ms)


Started POST "/api/session" for ::1 at 2019-05-24 14:48:37 -0400
Processing by Api::SessionsController#create as JSON
  Parameters: {"user"=>{"username"=>"sandy", "password"=>"[FILTERED]"}}
  [1m[36mUser Load (0.6ms)[0m  [1m[34mSELECT  "users".* FROM "users" WHERE "users"."username" = $1 LIMIT $2[0m  [["username", "sandy"], ["LIMIT", 1]]
  ↳ app/models/user.rb:21
  [1m[35m (0.2ms)[0m  [1m[35mBEGIN[0m
  ↳ app/models/user.rb:38
  [1m[36mUser Update (0.6ms)[0m  [1m[33mUPDATE "users" SET "session_token" = $1, "updated_at" = $2 WHERE "users"."id" = $3[0m  [["session_token", "-Q_FTPaMDmtk9cKoAQyi1Q"], ["updated_at", "2019-05-24 18:48:37.749240"], ["id", 2]]
  ↳ app/models/user.rb:38
  [1m[35m (0.5ms)[0m  [1m[35mCOMMIT[0m
  ↳ app/models/user.rb:38
No template found for Api::SessionsController#create, rendering head :no_content
Completed 204 No Content in 259ms (ActiveRecord: 15.3ms)


Started DELETE "/api/session" for ::1 at 2019-05-24 14:48:42 -0400
Processing by Api::SessionsController#destroy as JSON
  [1m[36mUser Load (0.7ms)[0m  [1m[34mSELECT  "users".* FROM "users" WHERE "users"."session_token" = $1 LIMIT $2[0m  [["session_token", "-Q_FTPaMDmtk9cKoAQyi1Q"], ["LIMIT", 1]]
  ↳ app/controllers/application_controller.rb:6
  [1m[35m (0.7ms)[0m  [1m[35mBEGIN[0m
  ↳ app/models/user.rb:38
  [1m[36mUser Update (0.9ms)[0m  [1m[33mUPDATE "users" SET "session_token" = $1, "updated_at" = $2 WHERE "users"."id" = $3[0m  [["session_token", "eaNf6oFS0w-px02Og-fpCg"], ["updated_at", "2019-05-24 18:48:42.222872"], ["id", 2]]
  ↳ app/models/user.rb:38
  [1m[35m (0.8ms)[0m  [1m[35mCOMMIT[0m
  ↳ app/models/user.rb:38
Completed 200 OK in 10ms (Views: 0.3ms | ActiveRecord: 3.1ms)


Started GET "/" for ::1 at 2019-05-24 16:09:10 -0400
Processing by StaticPagesController#root as HTML
  Rendering static_pages/root.html within layouts/application
  Rendered static_pages/root.html within layouts/application (3.1ms)
Completed 200 OK in 912ms (Views: 909.3ms | ActiveRecord: 0.0ms)


Started GET "/" for ::1 at 2019-05-24 16:09:39 -0400
Processing by StaticPagesController#root as HTML
  Rendering static_pages/root.html within layouts/application
  Rendered static_pages/root.html within layouts/application (0.6ms)
Completed 200 OK in 610ms (Views: 608.9ms | ActiveRecord: 0.0ms)


Started GET "/" for ::1 at 2019-05-24 16:11:49 -0400
Processing by StaticPagesController#root as HTML
  Rendering static_pages/root.html within layouts/application
  Rendered static_pages/root.html within layouts/application (3.4ms)
Completed 200 OK in 915ms (Views: 911.2ms | ActiveRecord: 0.0ms)


Started GET "/" for ::1 at 2019-05-24 16:12:01 -0400
Processing by StaticPagesController#root as HTML
  Rendering static_pages/root.html within layouts/application
  Rendered static_pages/root.html within layouts/application (0.8ms)
Completed 200 OK in 771ms (Views: 767.9ms | ActiveRecord: 0.0ms)


Started GET "/" for ::1 at 2019-05-24 16:46:15 -0400
Processing by StaticPagesController#root as HTML
  Rendering static_pages/root.html within layouts/application
  Rendered static_pages/root.html within layouts/application (2.4ms)
Completed 200 OK in 1039ms (Views: 1032.1ms | ActiveRecord: 0.0ms)


Started GET "/" for ::1 at 2019-05-24 16:48:01 -0400
Processing by StaticPagesController#root as HTML
  Rendering static_pages/root.html within layouts/application
  Rendered static_pages/root.html within layouts/application (1.5ms)
Completed 200 OK in 931ms (Views: 929.3ms | ActiveRecord: 0.0ms)


Started GET "/" for ::1 at 2019-05-24 16:49:25 -0400
Processing by StaticPagesController#root as HTML
  Rendering static_pages/root.html within layouts/application
  Rendered static_pages/root.html within layouts/application (0.5ms)
Completed 200 OK in 864ms (Views: 861.1ms | ActiveRecord: 0.0ms)


Started GET "/" for ::1 at 2019-05-24 16:49:37 -0400
Processing by StaticPagesController#root as HTML
  Rendering static_pages/root.html within layouts/application
  Rendered static_pages/root.html within layouts/application (0.5ms)
Completed 200 OK in 72ms (Views: 69.0ms | ActiveRecord: 0.0ms)


Started GET "/" for ::1 at 2019-05-24 16:49:42 -0400
Processing by StaticPagesController#root as HTML
  Rendering static_pages/root.html within layouts/application
  Rendered static_pages/root.html within layouts/application (0.5ms)
Completed 200 OK in 666ms (Views: 656.2ms | ActiveRecord: 0.0ms)


Started GET "/" for ::1 at 2019-05-24 16:52:38 -0400
Processing by StaticPagesController#root as HTML
  Rendering static_pages/root.html within layouts/application
  Rendered static_pages/root.html within layouts/application (1.8ms)
Completed 200 OK in 256ms (Views: 253.3ms | ActiveRecord: 0.0ms)


  [1m[36mUser Load (1.1ms)[0m  [1m[34mSELECT "users".* FROM "users"[0m
Started GET "/" for ::1 at 2019-05-24 16:54:22 -0400
Processing by StaticPagesController#root as HTML
  Rendering static_pages/root.html within layouts/application
  Rendered static_pages/root.html within layouts/application (2.1ms)
Completed 200 OK in 965ms (Views: 960.8ms | ActiveRecord: 0.0ms)


Started GET "/" for ::1 at 2019-05-24 16:54:25 -0400
Processing by StaticPagesController#root as HTML
  Rendering static_pages/root.html within layouts/application
  Rendered static_pages/root.html within layouts/application (0.4ms)
Completed 200 OK in 71ms (Views: 69.2ms | ActiveRecord: 0.0ms)


Started POST "/api/session" for ::1 at 2019-05-24 16:54:30 -0400
Processing by Api::SessionsController#create as JSON
  Parameters: {"user"=>{"username"=>"sandy", "password"=>"[FILTERED]"}}
  [1m[36mUser Load (1.2ms)[0m  [1m[34mSELECT  "users".* FROM "users" WHERE "users"."username" = $1 LIMIT $2[0m  [["username", "sandy"], ["LIMIT", 1]]
  ↳ app/models/user.rb:21
  [1m[35m (0.3ms)[0m  [1m[35mBEGIN[0m
  ↳ app/models/user.rb:38
  [1m[36mUser Update (0.9ms)[0m  [1m[33mUPDATE "users" SET "session_token" = $1, "updated_at" = $2 WHERE "users"."id" = $3[0m  [["session_token", "IBoFilicoPrZRiKJezHI2A"], ["updated_at", "2019-05-24 20:54:30.134128"], ["id", 2]]
  ↳ app/models/user.rb:38
  [1m[35m (30.6ms)[0m  [1m[35mCOMMIT[0m
  ↳ app/models/user.rb:38
No template found for Api::SessionsController#create, rendering head :no_content
Completed 204 No Content in 200ms (ActiveRecord: 33.5ms)


Started GET "/" for ::1 at 2019-05-24 16:59:14 -0400
Processing by StaticPagesController#root as HTML
  Rendering static_pages/root.html within layouts/application
  Rendered static_pages/root.html within layouts/application (1.9ms)
Completed 200 OK in 912ms (Views: 907.0ms | ActiveRecord: 0.0ms)


Started POST "/api/session" for ::1 at 2019-05-24 16:59:19 -0400
Processing by Api::SessionsController#create as JSON
  Parameters: {"user"=>{"username"=>"sandy", "password"=>"[FILTERED]"}}
  [1m[36mUser Load (0.9ms)[0m  [1m[34mSELECT  "users".* FROM "users" WHERE "users"."username" = $1 LIMIT $2[0m  [["username", "sandy"], ["LIMIT", 1]]
  ↳ app/models/user.rb:21
  [1m[35m (0.3ms)[0m  [1m[35mBEGIN[0m
  ↳ app/models/user.rb:38
  [1m[36mUser Update (45.7ms)[0m  [1m[33mUPDATE "users" SET "session_token" = $1, "updated_at" = $2 WHERE "users"."id" = $3[0m  [["session_token", "oSIBO6sLQgqpxkxO5rs35A"], ["updated_at", "2019-05-24 20:59:19.852697"], ["id", 2]]
  ↳ app/models/user.rb:38
  [1m[35m (28.2ms)[0m  [1m[35mCOMMIT[0m
  ↳ app/models/user.rb:38
No template found for Api::SessionsController#create, rendering head :no_content
Completed 204 No Content in 230ms (ActiveRecord: 75.1ms)


Started GET "/" for ::1 at 2019-05-24 17:00:44 -0400
Processing by StaticPagesController#root as HTML
  Rendering static_pages/root.html within layouts/application
  Rendered static_pages/root.html within layouts/application (1.7ms)
Completed 200 OK in 843ms (Views: 841.7ms | ActiveRecord: 0.0ms)


Started POST "/api/session" for ::1 at 2019-05-24 17:01:25 -0400
Processing by Api::SessionsController#create as JSON
  Parameters: {"user"=>{"username"=>"sandy", "password"=>"[FILTERED]"}}
  [1m[36mUser Load (0.9ms)[0m  [1m[34mSELECT  "users".* FROM "users" WHERE "users"."username" = $1 LIMIT $2[0m  [["username", "sandy"], ["LIMIT", 1]]
  ↳ app/models/user.rb:21
  [1m[35m (0.2ms)[0m  [1m[35mBEGIN[0m
  ↳ app/models/user.rb:38
  [1m[36mUser Update (0.7ms)[0m  [1m[33mUPDATE "users" SET "session_token" = $1, "updated_at" = $2 WHERE "users"."id" = $3[0m  [["session_token", "Yzf8Q-PzgDYm1NU3CGMVOQ"], ["updated_at", "2019-05-24 21:01:25.744684"], ["id", 2]]
  ↳ app/models/user.rb:38
  [1m[35m (63.2ms)[0m  [1m[35mCOMMIT[0m
  ↳ app/models/user.rb:38
No template found for Api::SessionsController#create, rendering head :no_content
Completed 204 No Content in 212ms (ActiveRecord: 65.0ms)


Started GET "/" for ::1 at 2019-05-24 17:02:39 -0400
Processing by StaticPagesController#root as HTML
  Rendering static_pages/root.html within layouts/application
  Rendered static_pages/root.html within layouts/application (0.4ms)
Completed 200 OK in 860ms (Views: 858.5ms | ActiveRecord: 0.0ms)


Started POST "/api/session" for ::1 at 2019-05-24 17:02:44 -0400
Processing by Api::SessionsController#create as JSON
  Parameters: {"user"=>{"username"=>"sandy", "password"=>"[FILTERED]"}}
  [1m[36mUser Load (0.7ms)[0m  [1m[34mSELECT  "users".* FROM "users" WHERE "users"."username" = $1 LIMIT $2[0m  [["username", "sandy"], ["LIMIT", 1]]
  ↳ app/models/user.rb:21
  [1m[35m (0.2ms)[0m  [1m[35mBEGIN[0m
  ↳ app/models/user.rb:38
  [1m[36mUser Update (0.8ms)[0m  [1m[33mUPDATE "users" SET "session_token" = $1, "updated_at" = $2 WHERE "users"."id" = $3[0m  [["session_token", "Jdqy8iz8PtHcwgc30El5TA"], ["updated_at", "2019-05-24 21:02:44.497111"], ["id", 2]]
  ↳ app/models/user.rb:38
  [1m[35m (0.6ms)[0m  [1m[35mCOMMIT[0m
  ↳ app/models/user.rb:38
No template found for Api::SessionsController#create, rendering head :no_content
Completed 204 No Content in 148ms (ActiveRecord: 2.2ms)


Started GET "/" for ::1 at 2019-05-24 17:03:56 -0400
Processing by StaticPagesController#root as HTML
  Rendering static_pages/root.html within layouts/application
  Rendered static_pages/root.html within layouts/application (0.5ms)
Completed 200 OK in 933ms (Views: 931.4ms | ActiveRecord: 0.0ms)


Started POST "/api/session" for ::1 at 2019-05-24 17:04:01 -0400
Processing by Api::SessionsController#create as JSON
  Parameters: {"user"=>{"username"=>"sandy", "password"=>"[FILTERED]"}}
  [1m[36mUser Load (0.6ms)[0m  [1m[34mSELECT  "users".* FROM "users" WHERE "users"."username" = $1 LIMIT $2[0m  [["username", "sandy"], ["LIMIT", 1]]
  ↳ app/models/user.rb:21
  [1m[35m (0.2ms)[0m  [1m[35mBEGIN[0m
  ↳ app/models/user.rb:38
  [1m[36mUser Update (1.2ms)[0m  [1m[33mUPDATE "users" SET "session_token" = $1, "updated_at" = $2 WHERE "users"."id" = $3[0m  [["session_token", "5UB9PHwJRdx7sNjslUf3Bw"], ["updated_at", "2019-05-24 21:04:01.910084"], ["id", 2]]
  ↳ app/models/user.rb:38
  [1m[35m (32.7ms)[0m  [1m[35mCOMMIT[0m
  ↳ app/models/user.rb:38
No template found for Api::SessionsController#create, rendering head :no_content
Completed 204 No Content in 179ms (ActiveRecord: 34.7ms)


Started GET "/" for ::1 at 2019-05-24 17:04:56 -0400
Processing by StaticPagesController#root as HTML
  Rendering static_pages/root.html within layouts/application
  Rendered static_pages/root.html within layouts/application (0.6ms)
Completed 200 OK in 972ms (Views: 969.9ms | ActiveRecord: 0.0ms)


Started POST "/api/session" for ::1 at 2019-05-24 17:05:07 -0400
Processing by Api::SessionsController#create as JSON
  Parameters: {"user"=>{"username"=>"sandy", "password"=>"[FILTERED]"}}
  [1m[36mUser Load (1.3ms)[0m  [1m[34mSELECT  "users".* FROM "users" WHERE "users"."username" = $1 LIMIT $2[0m  [["username", "sandy"], ["LIMIT", 1]]
  ↳ app/models/user.rb:21
  [1m[35m (0.2ms)[0m  [1m[35mBEGIN[0m
  ↳ app/models/user.rb:38
  [1m[36mUser Update (0.7ms)[0m  [1m[33mUPDATE "users" SET "session_token" = $1, "updated_at" = $2 WHERE "users"."id" = $3[0m  [["session_token", "CrE8MIVCyUZTeAHU4GKYLA"], ["updated_at", "2019-05-24 21:05:07.699206"], ["id", 2]]
  ↳ app/models/user.rb:38
  [1m[35m (23.5ms)[0m  [1m[35mCOMMIT[0m
  ↳ app/models/user.rb:38
No template found for Api::SessionsController#create, rendering head :no_content
Completed 204 No Content in 171ms (ActiveRecord: 25.7ms)


Started GET "/" for ::1 at 2019-05-24 17:06:57 -0400
Processing by StaticPagesController#root as HTML
  Rendering static_pages/root.html within layouts/application
  Rendered static_pages/root.html within layouts/application (0.3ms)
Completed 200 OK in 893ms (Views: 891.0ms | ActiveRecord: 0.0ms)


Started POST "/api/session" for ::1 at 2019-05-24 17:07:04 -0400
Processing by Api::SessionsController#create as JSON
  Parameters: {"user"=>{"username"=>"sandy", "password"=>"[FILTERED]"}}
  [1m[36mUser Load (0.5ms)[0m  [1m[34mSELECT  "users".* FROM "users" WHERE "users"."username" = $1 LIMIT $2[0m  [["username", "sandy"], ["LIMIT", 1]]
  ↳ app/models/user.rb:21
  [1m[35m (0.2ms)[0m  [1m[35mBEGIN[0m
  ↳ app/models/user.rb:38
  [1m[36mUser Update (41.2ms)[0m  [1m[33mUPDATE "users" SET "session_token" = $1, "updated_at" = $2 WHERE "users"."id" = $3[0m  [["session_token", "Ej6kfjDO7r-VNr7tDVvgag"], ["updated_at", "2019-05-24 21:07:04.399845"], ["id", 2]]
  ↳ app/models/user.rb:38
  [1m[35m (39.9ms)[0m  [1m[35mCOMMIT[0m
  ↳ app/models/user.rb:38
No template found for Api::SessionsController#create, rendering head :no_content
Completed 204 No Content in 226ms (ActiveRecord: 81.8ms)


Started GET "/" for ::1 at 2019-05-24 17:11:08 -0400
Processing by StaticPagesController#root as HTML
  Rendering static_pages/root.html within layouts/application
  Rendered static_pages/root.html within layouts/application (1.0ms)
Completed 200 OK in 161ms (Views: 158.5ms | ActiveRecord: 0.0ms)


Started POST "/api/session" for ::1 at 2019-05-24 17:11:16 -0400
Processing by Api::SessionsController#create as JSON
  Parameters: {"user"=>{"username"=>"sandy", "password"=>"[FILTERED]"}}
  [1m[36mUser Load (0.3ms)[0m  [1m[34mSELECT  "users".* FROM "users" WHERE "users"."username" = $1 LIMIT $2[0m  [["username", "sandy"], ["LIMIT", 1]]
  ↳ app/models/user.rb:21
  [1m[35m (0.2ms)[0m  [1m[35mBEGIN[0m
  ↳ app/models/user.rb:38
  [1m[36mUser Update (0.8ms)[0m  [1m[33mUPDATE "users" SET "session_token" = $1, "updated_at" = $2 WHERE "users"."id" = $3[0m  [["session_token", "YhawENlkt4oToR5MIUUqTw"], ["updated_at", "2019-05-24 21:11:17.140937"], ["id", 2]]
  ↳ app/models/user.rb:38
  [1m[35m (0.5ms)[0m  [1m[35mCOMMIT[0m
  ↳ app/models/user.rb:38
  Rendering api/users/show.json.jbuilder
  Rendered api/users/show.json.jbuilder (41.5ms)
Completed 500 Internal Server Error in 189ms (ActiveRecord: 16.8ms)



TypeError - {:user=>#<User id: 2, username: "sandy", password_digest: "$2a$10$bnzGQPopQ8XjIroH5OeIKeUC7ny2.kFscKNLV7xsoTq...", session_token: "YhawENlkt4oToR5MIUUqTw", created_at: "2019-05-24 18:41:39", updated_at: "2019-05-24 21:11:17">} is not a symbol nor a string:
  app/views/api/users/show.json.jbuilder:3:in `_app_views_api_users_show_json_jbuilder__3003597985444974058_70150110086800'
  app/controllers/api/sessions_controller.rb:12:in `create'

Started GET "/" for ::1 at 2019-05-24 17:12:10 -0400
Processing by StaticPagesController#root as HTML
  Rendering static_pages/root.html within layouts/application
  Rendered static_pages/root.html within layouts/application (0.5ms)
Completed 200 OK in 85ms (Views: 83.8ms | ActiveRecord: 0.0ms)


Started POST "/api/session" for ::1 at 2019-05-24 17:12:16 -0400
Processing by Api::SessionsController#create as JSON
  Parameters: {"user"=>{"username"=>"sandy", "password"=>"[FILTERED]"}}
  [1m[36mUser Load (1.1ms)[0m  [1m[34mSELECT  "users".* FROM "users" WHERE "users"."username" = $1 LIMIT $2[0m  [["username", "sandy"], ["LIMIT", 1]]
  ↳ app/models/user.rb:21
  [1m[35m (0.3ms)[0m  [1m[35mBEGIN[0m
  ↳ app/models/user.rb:38
  [1m[36mUser Update (0.9ms)[0m  [1m[33mUPDATE "users" SET "session_token" = $1, "updated_at" = $2 WHERE "users"."id" = $3[0m  [["session_token", "p3OD-ridVkFVDikiIfI5bg"], ["updated_at", "2019-05-24 21:12:16.443377"], ["id", 2]]
  ↳ app/models/user.rb:38
  [1m[35m (1.9ms)[0m  [1m[35mCOMMIT[0m
  ↳ app/models/user.rb:38
  Rendering api/users/show.json.jbuilder
  Rendered api/users/show.json.jbuilder (5.0ms)
Completed 500 Internal Server Error in 127ms (ActiveRecord: 4.1ms)



TypeError - {:user=>#<User id: 2, username: "sandy", password_digest: "$2a$10$bnzGQPopQ8XjIroH5OeIKeUC7ny2.kFscKNLV7xsoTq...", session_token: "p3OD-ridVkFVDikiIfI5bg", created_at: "2019-05-24 18:41:39", updated_at: "2019-05-24 21:12:16">} is not a symbol nor a string:
  app/views/api/users/show.json.jbuilder:3:in `_app_views_api_users_show_json_jbuilder__3003597985444974058_70150082088160'
  app/controllers/api/sessions_controller.rb:12:in `create'

Started GET "/" for ::1 at 2019-05-24 17:12:58 -0400
Processing by StaticPagesController#root as HTML
  Rendering static_pages/root.html within layouts/application
  Rendered static_pages/root.html within layouts/application (0.5ms)
Completed 200 OK in 85ms (Views: 83.7ms | ActiveRecord: 0.0ms)


Started POST "/api/session" for ::1 at 2019-05-24 17:13:07 -0400
Processing by Api::SessionsController#create as JSON
  Parameters: {"user"=>{"username"=>"sandy", "password"=>"[FILTERED]"}}
  [1m[36mUser Load (3.0ms)[0m  [1m[34mSELECT  "users".* FROM "users" WHERE "users"."username" = $1 LIMIT $2[0m  [["username", "sandy"], ["LIMIT", 1]]
  ↳ app/models/user.rb:21
  [1m[35m (0.2ms)[0m  [1m[35mBEGIN[0m
  ↳ app/models/user.rb:38
  [1m[36mUser Update (0.7ms)[0m  [1m[33mUPDATE "users" SET "session_token" = $1, "updated_at" = $2 WHERE "users"."id" = $3[0m  [["session_token", "n6PDPhVX_JDcPPV3vsGjdQ"], ["updated_at", "2019-05-24 21:13:08.149000"], ["id", 2]]
  ↳ app/models/user.rb:38
  [1m[35m (0.6ms)[0m  [1m[35mCOMMIT[0m
  ↳ app/models/user.rb:38
  Rendering api/users/show.json.jbuilder
  Rendered api/users/show.json.jbuilder (3.6ms)
Completed 500 Internal Server Error in 12968ms (ActiveRecord: 23.0ms)



TypeError - {:user=>#<User id: 2, username: "sandy", password_digest: "$2a$10$bnzGQPopQ8XjIroH5OeIKeUC7ny2.kFscKNLV7xsoTq...", session_token: "n6PDPhVX_JDcPPV3vsGjdQ", created_at: "2019-05-24 18:41:39", updated_at: "2019-05-24 21:13:08">} is not a symbol nor a string:
  app/views/api/users/show.json.jbuilder:3:in `_app_views_api_users_show_json_jbuilder__3003597985444974058_70150075493200'
  app/controllers/api/sessions_controller.rb:12:in `create'

Started GET "/" for ::1 at 2019-05-24 17:14:15 -0400
Processing by StaticPagesController#root as HTML
  Rendering static_pages/root.html within layouts/application
  Rendered static_pages/root.html within layouts/application (0.5ms)
Completed 200 OK in 36ms (Views: 32.4ms | ActiveRecord: 0.0ms)


Started POST "/api/session" for ::1 at 2019-05-24 17:14:24 -0400
Processing by Api::SessionsController#create as JSON
  Parameters: {"user"=>{"username"=>"sandy", "password"=>"[FILTERED]"}}
  [1m[36mUser Load (0.4ms)[0m  [1m[34mSELECT  "users".* FROM "users" WHERE "users"."username" = $1 LIMIT $2[0m  [["username", "sandy"], ["LIMIT", 1]]
  ↳ app/models/user.rb:21
  [1m[35m (0.3ms)[0m  [1m[35mBEGIN[0m
  ↳ app/models/user.rb:38
  [1m[36mUser Update (0.8ms)[0m  [1m[33mUPDATE "users" SET "session_token" = $1, "updated_at" = $2 WHERE "users"."id" = $3[0m  [["session_token", "BsbhuDNDYQgIdcpUl2Fl_g"], ["updated_at", "2019-05-24 21:14:24.267510"], ["id", 2]]
  ↳ app/models/user.rb:38
  [1m[35m (0.6ms)[0m  [1m[35mCOMMIT[0m
  ↳ app/models/user.rb:38
  Rendering api/users/show.json.jbuilder
  Rendered api/users/_user.json.jbuilder (4529.0ms)
  Rendered api/users/show.json.jbuilder (15071.2ms)
Completed 200 OK in 23419ms (Views: 15129.1ms | ActiveRecord: 2.0ms)


