  [1m[35m (638.5ms)[0m  [1m[35mCREATE DATABASE "NinetyNineCats_development" ENCODING = 'unicode'[0m
  ↳ bin/rails:9
  [1m[35m (376.1ms)[0m  [1m[35mCREATE DATABASE "NinetyNineCats_test" ENCODING = 'unicode'[0m
  ↳ bin/rails:9
  [1m[35m (474.8ms)[0m  [1m[35mCREATE TABLE "schema_migrations" ("version" character varying NOT NULL PRIMARY KEY)[0m
  ↳ bin/rails:9
  [1m[35m (29.1ms)[0m  [1m[35mCREATE TABLE "ar_internal_metadata" ("key" character varying NOT NULL PRIMARY KEY, "value" character varying, "created_at" timestamp NOT NULL, "updated_at" timestamp NOT NULL)[0m
  ↳ bin/rails:9
  [1m[35m (7.3ms)[0m  [1m[34mSELECT pg_try_advisory_lock(4867400193759934845)[0m
  ↳ bin/rails:9
  [1m[35m (6.4ms)[0m  [1m[34mSELECT "schema_migrations"."version" FROM "schema_migrations" ORDER BY "schema_migrations"."version" ASC[0m
  ↳ bin/rails:9
Migrating to CreateCats (20190430172842)
  [1m[35m (0.2ms)[0m  [1m[35mBEGIN[0m
  ↳ bin/rails:9
  [1m[35m (110.5ms)[0m  [1m[35mCREATE TABLE "cats" ("id" bigserial primary key, "birth_date" date, "color" character varying, "name" character varying, "sex" character varying(1), "description" text, "created_at" timestamp NOT NULL, "updated_at" timestamp NOT NULL)[0m
  ↳ db/migrate/20190430172842_create_cats.rb:3
  [1m[36mActiveRecord::SchemaMigration Create (81.3ms)[0m  [1m[32mINSERT INTO "schema_migrations" ("version") VALUES ($1) RETURNING "version"[0m  [["version", "20190430172842"]]
  ↳ bin/rails:9
  [1m[35m (0.6ms)[0m  [1m[35mCOMMIT[0m
  ↳ bin/rails:9
  [1m[36mActiveRecord::InternalMetadata Load (0.5ms)[0m  [1m[34mSELECT  "ar_internal_metadata".* FROM "ar_internal_metadata" WHERE "ar_internal_metadata"."key" = $1 LIMIT $2[0m  [["key", "environment"], ["LIMIT", 1]]
  ↳ bin/rails:9
  [1m[35m (0.3ms)[0m  [1m[35mBEGIN[0m
  ↳ bin/rails:9
  [1m[36mActiveRecord::InternalMetadata Create (33.9ms)[0m  [1m[32mINSERT INTO "ar_internal_metadata" ("key", "value", "created_at", "updated_at") VALUES ($1, $2, $3, $4) RETURNING "key"[0m  [["key", "environment"], ["value", "development"], ["created_at", "2019-04-30 17:37:59.699761"], ["updated_at", "2019-04-30 17:37:59.699761"]]
  ↳ bin/rails:9
  [1m[35m (0.5ms)[0m  [1m[35mCOMMIT[0m
  ↳ bin/rails:9
  [1m[35m (0.3ms)[0m  [1m[34mSELECT pg_advisory_unlock(4867400193759934845)[0m
  ↳ bin/rails:9
  [1m[35m (0.7ms)[0m  [1m[34mSELECT "schema_migrations"."version" FROM "schema_migrations" ORDER BY "schema_migrations"."version" ASC[0m
  ↳ bin/rails:9
  [1m[35m (0.2ms)[0m  [1m[34mSELECT pg_try_advisory_lock(4867400193759934845)[0m
  ↳ bin/rails:9
  [1m[35m (0.9ms)[0m  [1m[34mSELECT "schema_migrations"."version" FROM "schema_migrations" ORDER BY "schema_migrations"."version" ASC[0m
  ↳ bin/rails:9
Migrating to AddNull (20190430174318)
  [1m[35m (0.2ms)[0m  [1m[35mBEGIN[0m
  ↳ bin/rails:9
  [1m[35m (23.4ms)[0m  [1m[31mROLLBACK[0m
  ↳ bin/rails:9
  [1m[35m (0.5ms)[0m  [1m[34mSELECT pg_advisory_unlock(4867400193759934845)[0m
  ↳ bin/rails:9
  [1m[35m (0.2ms)[0m  [1m[34mSELECT pg_try_advisory_lock(4867400193759934845)[0m
  ↳ bin/rails:9
  [1m[35m (0.9ms)[0m  [1m[34mSELECT "schema_migrations"."version" FROM "schema_migrations" ORDER BY "schema_migrations"."version" ASC[0m
  ↳ bin/rails:9
Migrating to AddNull (20190430174318)
  [1m[35m (0.2ms)[0m  [1m[35mBEGIN[0m
  ↳ bin/rails:9
  [1m[35m (0.2ms)[0m  [1m[31mROLLBACK[0m
  ↳ bin/rails:9
  [1m[35m (0.4ms)[0m  [1m[34mSELECT pg_advisory_unlock(4867400193759934845)[0m
  ↳ bin/rails:9
  [1m[35m (0.2ms)[0m  [1m[34mSELECT pg_try_advisory_lock(4867400193759934845)[0m
  ↳ bin/rails:9
  [1m[35m (0.9ms)[0m  [1m[34mSELECT "schema_migrations"."version" FROM "schema_migrations" ORDER BY "schema_migrations"."version" ASC[0m
  ↳ bin/rails:9
Migrating to AddNull (20190430174318)
  [1m[35m (0.2ms)[0m  [1m[35mBEGIN[0m
  ↳ bin/rails:9
  [1m[35m (147.0ms)[0m  [1m[35mALTER TABLE "cats" DROP COLUMN "birth_date"[0m
  ↳ db/migrate/20190430174318_add_null.rb:3
  [1m[35m (0.5ms)[0m  [1m[35mALTER TABLE "cats" DROP COLUMN "color"[0m
  ↳ db/migrate/20190430174318_add_null.rb:4
  [1m[35m (0.4ms)[0m  [1m[35mALTER TABLE "cats" DROP COLUMN "name"[0m
  ↳ db/migrate/20190430174318_add_null.rb:5
  [1m[35m (0.4ms)[0m  [1m[35mALTER TABLE "cats" DROP COLUMN "sex"[0m
  ↳ db/migrate/20190430174318_add_null.rb:6
  [1m[35m (0.3ms)[0m  [1m[35mALTER TABLE "cats" DROP COLUMN "description"[0m
  ↳ db/migrate/20190430174318_add_null.rb:7
  [1m[35m (0.4ms)[0m  [1m[31mROLLBACK[0m
  ↳ bin/rails:9
  [1m[35m (0.5ms)[0m  [1m[34mSELECT pg_advisory_unlock(4867400193759934845)[0m
  ↳ bin/rails:9
  [1m[35m (0.3ms)[0m  [1m[34mSELECT pg_try_advisory_lock(4867400193759934845)[0m
  ↳ bin/rails:9
  [1m[35m (0.9ms)[0m  [1m[34mSELECT "schema_migrations"."version" FROM "schema_migrations" ORDER BY "schema_migrations"."version" ASC[0m
  ↳ bin/rails:9
Migrating to AddNull (20190430174318)
  [1m[35m (0.2ms)[0m  [1m[35mBEGIN[0m
  ↳ bin/rails:9
  [1m[35m (1.1ms)[0m  [1m[35mALTER TABLE "cats" DROP COLUMN "birth_date"[0m
  ↳ db/migrate/20190430174318_add_null.rb:3
  [1m[35m (0.5ms)[0m  [1m[35mALTER TABLE "cats" DROP COLUMN "color"[0m
  ↳ db/migrate/20190430174318_add_null.rb:4
  [1m[35m (0.5ms)[0m  [1m[35mALTER TABLE "cats" DROP COLUMN "name"[0m
  ↳ db/migrate/20190430174318_add_null.rb:5
  [1m[35m (0.4ms)[0m  [1m[35mALTER TABLE "cats" DROP COLUMN "sex"[0m
  ↳ db/migrate/20190430174318_add_null.rb:6
  [1m[35m (0.4ms)[0m  [1m[35mALTER TABLE "cats" DROP COLUMN "description"[0m
  ↳ db/migrate/20190430174318_add_null.rb:7
  [1m[35m (36.3ms)[0m  [1m[35mALTER TABLE "cats" ADD "birth_date" date NOT NULL[0m
  ↳ db/migrate/20190430174318_add_null.rb:9
  [1m[35m (1.0ms)[0m  [1m[35mALTER TABLE "cats" ADD "color" character varying NOT NULL[0m
  ↳ db/migrate/20190430174318_add_null.rb:10
  [1m[35m (4.8ms)[0m  [1m[35mALTER TABLE "cats" ADD "name" character varying NOT NULL[0m
  ↳ db/migrate/20190430174318_add_null.rb:11
  [1m[35m (0.9ms)[0m  [1m[35mALTER TABLE "cats" ADD "sex" character varying(1) NOT NULL[0m
  ↳ db/migrate/20190430174318_add_null.rb:12
  [1m[35m (1.4ms)[0m  [1m[35mALTER TABLE "cats" ADD "description" text NOT NULL[0m
  ↳ db/migrate/20190430174318_add_null.rb:13
  [1m[36mActiveRecord::SchemaMigration Create (14.1ms)[0m  [1m[32mINSERT INTO "schema_migrations" ("version") VALUES ($1) RETURNING "version"[0m  [["version", "20190430174318"]]
  ↳ bin/rails:9
  [1m[35m (0.7ms)[0m  [1m[35mCOMMIT[0m
  ↳ bin/rails:9
  [1m[36mActiveRecord::InternalMetadata Load (23.2ms)[0m  [1m[34mSELECT  "ar_internal_metadata".* FROM "ar_internal_metadata" WHERE "ar_internal_metadata"."key" = $1 LIMIT $2[0m  [["key", "environment"], ["LIMIT", 1]]
  ↳ bin/rails:9
  [1m[35m (0.3ms)[0m  [1m[35mBEGIN[0m
  ↳ bin/rails:9
  [1m[35m (0.3ms)[0m  [1m[35mCOMMIT[0m
  ↳ bin/rails:9
  [1m[35m (0.5ms)[0m  [1m[34mSELECT pg_advisory_unlock(4867400193759934845)[0m
  ↳ bin/rails:9
  [1m[35m (0.8ms)[0m  [1m[34mSELECT "schema_migrations"."version" FROM "schema_migrations" ORDER BY "schema_migrations"."version" ASC[0m
  ↳ bin/rails:9
  [1m[35m (0.3ms)[0m  [1m[35mBEGIN[0m
  [1m[35m (0.6ms)[0m  [1m[31mROLLBACK[0m
  [1m[35m (0.2ms)[0m  [1m[35mBEGIN[0m
  [1m[35m (0.2ms)[0m  [1m[31mROLLBACK[0m
  [1m[35m (0.2ms)[0m  [1m[35mBEGIN[0m
  [1m[35m (0.2ms)[0m  [1m[31mROLLBACK[0m
Started GET "/" for ::1 at 2019-04-30 14:54:01 -0400
  [1m[35m (22.2ms)[0m  [1m[34mSELECT "schema_migrations"."version" FROM "schema_migrations" ORDER BY "schema_migrations"."version" ASC[0m
  ↳ /Users/aa/.rbenv/versions/2.5.1/lib/ruby/gems/2.5.0/gems/activerecord-5.2.3/lib/active_record/log_subscriber.rb:98
Processing by Rails::WelcomeController#index as HTML
  Rendering /Users/aa/.rbenv/versions/2.5.1/lib/ruby/gems/2.5.0/gems/railties-5.2.3/lib/rails/templates/rails/welcome/index.html.erb
  Rendered /Users/aa/.rbenv/versions/2.5.1/lib/ruby/gems/2.5.0/gems/railties-5.2.3/lib/rails/templates/rails/welcome/index.html.erb (27.7ms)
Completed 200 OK in 184ms (Views: 103.8ms | ActiveRecord: 0.0ms)


Started GET "/cats" for ::1 at 2019-04-30 14:54:11 -0400
Processing by CatsController#index as HTML
  Rendering cats/index.html.erb within layouts/application
  Rendered cats/index.html.erb within layouts/application (0.5ms)
Completed 500 Internal Server Error in 65ms (ActiveRecord: 0.0ms)



SyntaxError - syntax error, unexpected '<'
  </head>
  ^
/Users/aa/Desktop/AppAcademyProjects/W4D2/NinetyNineCats/app/views/layouts/application.html.erb:14: unknown regexp options - bdy
/Users/aa/Desktop/AppAcademyProjects/W4D2/NinetyNineCats/app/views/layouts/application.html.erb:15: syntax error, unexpected '<'
</html>
^
/Users/aa/Desktop/AppAcademyProjects/W4D2/NinetyNineCats/app/views/layouts/application.html.erb:20: unterminated regexp meets end of file
          end
             ^
/Users/aa/Desktop/AppAcademyProjects/W4D2/NinetyNineCats/app/views/layouts/application.html.erb:20: syntax error, unexpected end-of-input, expecting ')'
          end
             ^:
  app/views/layouts/application.html.erb:10:in `'
  app/controllers/cats_controller.rb:6:in `index'

Started POST "/__better_errors/82f88089229c1f27/variables" for ::1 at 2019-04-30 14:54:12 -0400
Started GET "/cats" for ::1 at 2019-04-30 14:54:49 -0400
Processing by CatsController#index as HTML
  Rendering cats/index.html.erb within layouts/application
  Rendered cats/index.html.erb within layouts/application (0.5ms)
Completed 500 Internal Server Error in 18ms (ActiveRecord: 0.0ms)



SyntaxError - syntax error, unexpected '<'
  </head>
  ^
/Users/aa/Desktop/AppAcademyProjects/W4D2/NinetyNineCats/app/views/layouts/application.html.erb:14: unknown regexp options - bdy
/Users/aa/Desktop/AppAcademyProjects/W4D2/NinetyNineCats/app/views/layouts/application.html.erb:15: syntax error, unexpected '<'
</html>
^
/Users/aa/Desktop/AppAcademyProjects/W4D2/NinetyNineCats/app/views/layouts/application.html.erb:20: unterminated regexp meets end of file
          end
             ^
/Users/aa/Desktop/AppAcademyProjects/W4D2/NinetyNineCats/app/views/layouts/application.html.erb:20: syntax error, unexpected end-of-input, expecting ')'
          end
             ^:
  app/views/layouts/application.html.erb:10:in `'
  app/controllers/cats_controller.rb:6:in `index'

Started POST "/__better_errors/1877bf399657b884/variables" for ::1 at 2019-04-30 14:54:50 -0400
Started GET "/cats" for ::1 at 2019-04-30 14:54:50 -0400
Processing by CatsController#index as HTML
  Rendering cats/index.html.erb within layouts/application
  Rendered cats/index.html.erb within layouts/application (0.5ms)
Completed 500 Internal Server Error in 12ms (ActiveRecord: 0.0ms)



SyntaxError - syntax error, unexpected '<'
  </head>
  ^
/Users/aa/Desktop/AppAcademyProjects/W4D2/NinetyNineCats/app/views/layouts/application.html.erb:14: unknown regexp options - bdy
/Users/aa/Desktop/AppAcademyProjects/W4D2/NinetyNineCats/app/views/layouts/application.html.erb:15: syntax error, unexpected '<'
</html>
^
/Users/aa/Desktop/AppAcademyProjects/W4D2/NinetyNineCats/app/views/layouts/application.html.erb:20: unterminated regexp meets end of file
          end
             ^
/Users/aa/Desktop/AppAcademyProjects/W4D2/NinetyNineCats/app/views/layouts/application.html.erb:20: syntax error, unexpected end-of-input, expecting ')'
          end
             ^:
  app/views/layouts/application.html.erb:10:in `'
  app/controllers/cats_controller.rb:6:in `index'

Started POST "/__better_errors/300edc9a7e7b7a23/variables" for ::1 at 2019-04-30 14:54:50 -0400
Started GET "/cats" for ::1 at 2019-04-30 14:54:52 -0400
Processing by CatsController#index as HTML
  Rendering cats/index.html.erb within layouts/application
  Rendered cats/index.html.erb within layouts/application (0.7ms)
Completed 500 Internal Server Error in 11ms (ActiveRecord: 0.0ms)



SyntaxError - syntax error, unexpected '<'
  </head>
  ^
/Users/aa/Desktop/AppAcademyProjects/W4D2/NinetyNineCats/app/views/layouts/application.html.erb:14: unknown regexp options - bdy
/Users/aa/Desktop/AppAcademyProjects/W4D2/NinetyNineCats/app/views/layouts/application.html.erb:15: syntax error, unexpected '<'
</html>
^
/Users/aa/Desktop/AppAcademyProjects/W4D2/NinetyNineCats/app/views/layouts/application.html.erb:20: unterminated regexp meets end of file
          end
             ^
/Users/aa/Desktop/AppAcademyProjects/W4D2/NinetyNineCats/app/views/layouts/application.html.erb:20: syntax error, unexpected end-of-input, expecting ')'
          end
             ^:
  app/views/layouts/application.html.erb:10:in `'
  app/controllers/cats_controller.rb:6:in `index'

Started POST "/__better_errors/73db91743ce6f96f/variables" for ::1 at 2019-04-30 14:54:52 -0400
Started GET "/cats" for ::1 at 2019-04-30 14:55:21 -0400
Processing by CatsController#index as HTML
  Rendering cats/index.html.erb within layouts/application
  Rendered cats/index.html.erb within layouts/application (0.5ms)
Completed 200 OK in 574ms (Views: 573.6ms | ActiveRecord: 0.0ms)


  [1m[35m (0.9ms)[0m  [1m[34mSELECT "schema_migrations"."version" FROM "schema_migrations" ORDER BY "schema_migrations"."version" ASC[0m
  ↳ bin/rails:9
  [1m[36mCat Load (14.1ms)[0m  [1m[34mSELECT "cats".* FROM "cats"[0m
  ↳ db/seeds.rb:8
  [1m[35m (0.2ms)[0m  [1m[35mBEGIN[0m
  ↳ db/seeds.rb:9
  [1m[36mCat Create (76.5ms)[0m  [1m[32mINSERT INTO "cats" ("created_at", "updated_at", "birth_date", "color", "name", "sex", "description") VALUES ($1, $2, $3, $4, $5, $6, $7) RETURNING "id"[0m  [["created_at", "2019-04-30 19:06:31.936206"], ["updated_at", "2019-04-30 19:06:31.936206"], ["birth_date", 1966], ["color", "red"], ["name", "sparkles"], ["sex", "F"], ["description", "Not just wow, but meow"]]
  ↳ db/seeds.rb:9
  [1m[35m (0.2ms)[0m  [1m[31mROLLBACK[0m
  ↳ db/seeds.rb:9
  [1m[35m (0.9ms)[0m  [1m[34mSELECT "schema_migrations"."version" FROM "schema_migrations" ORDER BY "schema_migrations"."version" ASC[0m
  ↳ bin/rails:9
  [1m[36mCat Load (0.7ms)[0m  [1m[34mSELECT "cats".* FROM "cats"[0m
  ↳ db/seeds.rb:9
  [1m[35m (0.2ms)[0m  [1m[35mBEGIN[0m
  ↳ db/seeds.rb:10
  [1m[36mCat Create (24.6ms)[0m  [1m[32mINSERT INTO "cats" ("created_at", "updated_at", "birth_date", "color", "name", "sex", "description") VALUES ($1, $2, $3, $4, $5, $6, $7) RETURNING "id"[0m  [["created_at", "2019-04-30 19:07:24.824433"], ["updated_at", "2019-04-30 19:07:24.824433"], ["birth_date", 1966], ["color", "red"], ["name", "sparkles"], ["sex", "F"], ["description", "Not just wow, but meow"]]
  ↳ db/seeds.rb:10
  [1m[35m (0.2ms)[0m  [1m[31mROLLBACK[0m
  ↳ db/seeds.rb:10
  [1m[35m (1.0ms)[0m  [1m[34mSELECT "schema_migrations"."version" FROM "schema_migrations" ORDER BY "schema_migrations"."version" ASC[0m
  ↳ bin/rails:9
  [1m[36mCat Load (0.7ms)[0m  [1m[34mSELECT "cats".* FROM "cats"[0m
  ↳ db/seeds.rb:9
  [1m[35m (0.2ms)[0m  [1m[35mBEGIN[0m
  ↳ db/seeds.rb:11
  [1m[36mCat Create (23.7ms)[0m  [1m[32mINSERT INTO "cats" ("created_at", "updated_at", "birth_date", "color", "name", "sex", "description") VALUES ($1, $2, $3, $4, $5, $6, $7) RETURNING "id"[0m  [["created_at", "2019-04-30 19:10:12.422641"], ["updated_at", "2019-04-30 19:10:12.422641"], ["birth_date", 1966], ["color", "red"], ["name", "sparkles"], ["sex", "F"], ["description", "Not just wow, but meow"]]
  ↳ db/seeds.rb:11
  [1m[35m (0.2ms)[0m  [1m[31mROLLBACK[0m
  ↳ db/seeds.rb:11
  [1m[36mCat Load (0.7ms)[0m  [1m[34mSELECT "cats".* FROM "cats"[0m
  [1m[35m (0.2ms)[0m  [1m[35mBEGIN[0m
  [1m[36mCat Create (4.0ms)[0m  [1m[32mINSERT INTO "cats" ("created_at", "updated_at", "birth_date", "color", "name", "sex", "description") VALUES ($1, $2, $3, $4, $5, $6, $7) RETURNING "id"[0m  [["created_at", "2019-04-30 19:11:46.748186"], ["updated_at", "2019-04-30 19:11:46.748186"], ["birth_date", 1966], ["color", "red"], ["name", "sparkles"], ["sex", "F"], ["description", "Not just wow, but meow"]]
  [1m[35m (0.2ms)[0m  [1m[31mROLLBACK[0m
  [1m[35m (0.2ms)[0m  [1m[35mBEGIN[0m
  [1m[36mCat Create (17.3ms)[0m  [1m[32mINSERT INTO "cats" ("created_at", "updated_at", "birth_date", "color", "name", "sex", "description") VALUES ($1, $2, $3, $4, $5, $6, $7) RETURNING "id"[0m  [["created_at", "2019-04-30 19:12:56.359711"], ["updated_at", "2019-04-30 19:12:56.359711"], ["birth_date", "2000-04-30"], ["color", "red"], ["name", "sparkles"], ["sex", "F"], ["description", "Not just wow, but meow"]]
  [1m[35m (13.9ms)[0m  [1m[35mCOMMIT[0m
  [1m[35m (0.9ms)[0m  [1m[34mSELECT "schema_migrations"."version" FROM "schema_migrations" ORDER BY "schema_migrations"."version" ASC[0m
  ↳ bin/rails:9
  [1m[36mCat Load (0.8ms)[0m  [1m[34mSELECT "cats".* FROM "cats"[0m
  ↳ db/seeds.rb:9
  [1m[35m (0.2ms)[0m  [1m[35mBEGIN[0m
  ↳ db/seeds.rb:9
  [1m[36mCat Destroy (25.5ms)[0m  [1m[31mDELETE FROM "cats" WHERE "cats"."id" = $1[0m  [["id", 1]]
  ↳ db/seeds.rb:9
  [1m[35m (0.5ms)[0m  [1m[35mCOMMIT[0m
  ↳ db/seeds.rb:9
  [1m[35m (0.2ms)[0m  [1m[35mBEGIN[0m
  ↳ db/seeds.rb:11
  [1m[36mCat Create (0.6ms)[0m  [1m[32mINSERT INTO "cats" ("created_at", "updated_at", "birth_date", "color", "name", "sex", "description") VALUES ($1, $2, $3, $4, $5, $6, $7) RETURNING "id"[0m  [["created_at", "2019-04-30 19:14:07.821876"], ["updated_at", "2019-04-30 19:14:07.821876"], ["birth_date", "2000-04-30"], ["color", "red"], ["name", "sparkles"], ["sex", "F"], ["description", "Not just wow, but meow"]]
  ↳ db/seeds.rb:11
  [1m[35m (0.6ms)[0m  [1m[35mCOMMIT[0m
  ↳ db/seeds.rb:11
  [1m[35m (0.2ms)[0m  [1m[35mBEGIN[0m
  ↳ db/seeds.rb:12
  [1m[36mCat Create (0.4ms)[0m  [1m[32mINSERT INTO "cats" ("created_at", "updated_at", "birth_date", "color", "name", "sex", "description") VALUES ($1, $2, $3, $4, $5, $6, $7) RETURNING "id"[0m  [["created_at", "2019-04-30 19:14:07.826098"], ["updated_at", "2019-04-30 19:14:07.826098"], ["birth_date", "1989-07-16"], ["color", "yellow"], ["name", "tweety"], ["sex", "M"], ["description", "A ball of sunshine and fruit"]]
  ↳ db/seeds.rb:12
  [1m[35m (0.6ms)[0m  [1m[35mCOMMIT[0m
  ↳ db/seeds.rb:12
  [1m[35m (0.2ms)[0m  [1m[35mBEGIN[0m
  ↳ db/seeds.rb:13
  [1m[36mCat Create (0.5ms)[0m  [1m[32mINSERT INTO "cats" ("created_at", "updated_at", "birth_date", "color", "name", "sex", "description") VALUES ($1, $2, $3, $4, $5, $6, $7) RETURNING "id"[0m  [["created_at", "2019-04-30 19:14:07.829994"], ["updated_at", "2019-04-30 19:14:07.829994"], ["birth_date", "1996-10-25"], ["color", "green"], ["name", "gato"], ["sex", "M"], ["description", "down to clown, purrrrrr"]]
  ↳ db/seeds.rb:13
  [1m[35m (0.6ms)[0m  [1m[35mCOMMIT[0m
  ↳ db/seeds.rb:13
  [1m[35m (0.2ms)[0m  [1m[35mBEGIN[0m
  ↳ db/seeds.rb:14
  [1m[36mCat Create (0.4ms)[0m  [1m[32mINSERT INTO "cats" ("created_at", "updated_at", "birth_date", "color", "name", "sex", "description") VALUES ($1, $2, $3, $4, $5, $6, $7) RETURNING "id"[0m  [["created_at", "2019-04-30 19:14:07.833370"], ["updated_at", "2019-04-30 19:14:07.833370"], ["birth_date", "1973-04-07"], ["color", "blue"], ["name", "flora"], ["sex", "F"], ["description", "High maintence, loveable, but fickle"]]
  ↳ db/seeds.rb:14
  [1m[35m (0.6ms)[0m  [1m[35mCOMMIT[0m
  ↳ db/seeds.rb:14
  [1m[35m (0.2ms)[0m  [1m[35mBEGIN[0m
  ↳ db/seeds.rb:15
  [1m[36mCat Create (0.4ms)[0m  [1m[32mINSERT INTO "cats" ("created_at", "updated_at", "birth_date", "color", "name", "sex", "description") VALUES ($1, $2, $3, $4, $5, $6, $7) RETURNING "id"[0m  [["created_at", "2019-04-30 19:14:07.837199"], ["updated_at", "2019-04-30 19:14:07.837199"], ["birth_date", "1945-01-01"], ["color", "red"], ["name", "sennacy"], ["sex", "M"], ["description", "old, used, abused, unappreciated, but loyal. rawr"]]
  ↳ db/seeds.rb:15
  [1m[35m (0.5ms)[0m  [1m[35mCOMMIT[0m
  ↳ db/seeds.rb:15
  [1m[36mCat Load (0.8ms)[0m  [1m[34mSELECT "cats".* FROM "cats"[0m
Started GET "/cats" for ::1 at 2019-04-30 15:16:01 -0400
Processing by CatsController#index as HTML
  Rendering cats/index.html.erb within layouts/application
  Rendered cats/index.html.erb within layouts/application (1.0ms)
Completed 200 OK in 38ms (Views: 35.0ms | ActiveRecord: 0.0ms)


Started GET "/cats" for ::1 at 2019-04-30 15:16:13 -0400
Processing by CatsController#index as HTML
  Rendering cats/index.html.erb within layouts/application
  Rendered cats/index.html.erb within layouts/application (0.5ms)
Completed 200 OK in 15ms (Views: 13.5ms | ActiveRecord: 0.0ms)


Started GET "/cats" for ::1 at 2019-04-30 15:19:35 -0400
Processing by CatsController#index as HTML
  Rendering cats/index.html.erb within layouts/application
  [1m[36mCat Load (1.5ms)[0m  [1m[34mSELECT "cats".* FROM "cats"[0m
  ↳ app/views/cats/index.html.erb:7
  Rendered cats/index.html.erb within layouts/application (81.2ms)
Completed 500 Internal Server Error in 93ms (ActiveRecord: 15.0ms)



ActiveRecord::AssociationNotFoundError - Association named 'name' was not found on Cat; perhaps you misspelled it?:
  app/views/cats/index.html.erb:7:in `_app_views_cats_index_html_erb___43894432444689007_70223564436920'
  app/controllers/cats_controller.rb:6:in `index'

Started POST "/__better_errors/63d78de3aaa45860/variables" for ::1 at 2019-04-30 15:19:35 -0400
  [1m[36mCat Load (1.4ms)[0m  [1m[34mSELECT  "cats".* FROM "cats" LIMIT $1[0m  [["LIMIT", 11]]
  ↳ /Users/aa/.rbenv/versions/2.5.1/lib/ruby/gems/2.5.0/gems/activerecord-5.2.3/lib/active_record/log_subscriber.rb:98
  [1m[36mCACHE Cat Load (0.0ms)[0m  [1m[34mSELECT  "cats".* FROM "cats" LIMIT $1[0m  [["LIMIT", 11]]
  ↳ /Users/aa/.rbenv/versions/2.5.1/lib/ruby/gems/2.5.0/gems/activerecord-5.2.3/lib/active_record/log_subscriber.rb:98
  [1m[36mCACHE Cat Load (0.0ms)[0m  [1m[34mSELECT  "cats".* FROM "cats" LIMIT $1[0m  [["LIMIT", 11]]
  ↳ /Users/aa/.rbenv/versions/2.5.1/lib/ruby/gems/2.5.0/gems/activerecord-5.2.3/lib/active_record/log_subscriber.rb:98
  [1m[36mCACHE Cat Load (0.0ms)[0m  [1m[34mSELECT  "cats".* FROM "cats" LIMIT $1[0m  [["LIMIT", 11]]
  ↳ /Users/aa/.rbenv/versions/2.5.1/lib/ruby/gems/2.5.0/gems/activerecord-5.2.3/lib/active_record/log_subscriber.rb:98
  [1m[36mCACHE Cat Load (0.0ms)[0m  [1m[34mSELECT  "cats".* FROM "cats" LIMIT $1[0m  [["LIMIT", 11]]
  ↳ /Users/aa/.rbenv/versions/2.5.1/lib/ruby/gems/2.5.0/gems/activerecord-5.2.3/lib/active_record/log_subscriber.rb:98
Started GET "/cats" for ::1 at 2019-04-30 15:19:52 -0400
Processing by CatsController#index as HTML
  Rendering cats/index.html.erb within layouts/application
  [1m[36mCat Load (0.5ms)[0m  [1m[34mSELECT "cats".* FROM "cats"[0m
  ↳ app/views/cats/index.html.erb:7
  Rendered cats/index.html.erb within layouts/application (7.0ms)
Completed 500 Internal Server Error in 21ms (ActiveRecord: 0.5ms)



ActiveRecord::AssociationNotFoundError - Association named 'name' was not found on Cat; perhaps you misspelled it?:
  app/views/cats/index.html.erb:7:in `_app_views_cats_index_html_erb___43894432444689007_70223594838120'
  app/controllers/cats_controller.rb:6:in `index'

Started POST "/__better_errors/f35a5b95f47597d9/variables" for ::1 at 2019-04-30 15:19:52 -0400
  [1m[36mCat Load (0.8ms)[0m  [1m[34mSELECT  "cats".* FROM "cats" LIMIT $1[0m  [["LIMIT", 11]]
  ↳ /Users/aa/.rbenv/versions/2.5.1/lib/ruby/gems/2.5.0/gems/activerecord-5.2.3/lib/active_record/log_subscriber.rb:98
  [1m[36mCACHE Cat Load (0.0ms)[0m  [1m[34mSELECT  "cats".* FROM "cats" LIMIT $1[0m  [["LIMIT", 11]]
  ↳ /Users/aa/.rbenv/versions/2.5.1/lib/ruby/gems/2.5.0/gems/activerecord-5.2.3/lib/active_record/log_subscriber.rb:98
  [1m[36mCACHE Cat Load (0.0ms)[0m  [1m[34mSELECT  "cats".* FROM "cats" LIMIT $1[0m  [["LIMIT", 11]]
  ↳ /Users/aa/.rbenv/versions/2.5.1/lib/ruby/gems/2.5.0/gems/activerecord-5.2.3/lib/active_record/log_subscriber.rb:98
  [1m[36mCACHE Cat Load (0.0ms)[0m  [1m[34mSELECT  "cats".* FROM "cats" LIMIT $1[0m  [["LIMIT", 11]]
  ↳ /Users/aa/.rbenv/versions/2.5.1/lib/ruby/gems/2.5.0/gems/activerecord-5.2.3/lib/active_record/log_subscriber.rb:98
  [1m[36mCACHE Cat Load (0.0ms)[0m  [1m[34mSELECT  "cats".* FROM "cats" LIMIT $1[0m  [["LIMIT", 11]]
  ↳ /Users/aa/.rbenv/versions/2.5.1/lib/ruby/gems/2.5.0/gems/activerecord-5.2.3/lib/active_record/log_subscriber.rb:98
Started GET "/cats" for ::1 at 2019-04-30 15:20:43 -0400
Processing by CatsController#index as HTML
  Rendering cats/index.html.erb within layouts/application
  [1m[36mCat Load (0.9ms)[0m  [1m[34mSELECT "cats".* FROM "cats"[0m
  ↳ app/views/cats/index.html.erb:7
  Rendered cats/index.html.erb within layouts/application (13.1ms)
Completed 500 Internal Server Error in 23ms (ActiveRecord: 0.9ms)



ActiveRecord::AssociationNotFoundError - Association named 'name' was not found on Cat; perhaps you misspelled it?:
  app/views/cats/index.html.erb:7:in `_app_views_cats_index_html_erb___43894432444689007_70223593947520'
  app/controllers/cats_controller.rb:6:in `index'

Started POST "/__better_errors/68a91288dbf1a93c/variables" for ::1 at 2019-04-30 15:20:44 -0400
  [1m[36mCat Load (0.4ms)[0m  [1m[34mSELECT  "cats".* FROM "cats" LIMIT $1[0m  [["LIMIT", 11]]
  ↳ /Users/aa/.rbenv/versions/2.5.1/lib/ruby/gems/2.5.0/gems/activerecord-5.2.3/lib/active_record/log_subscriber.rb:98
  [1m[36mCACHE Cat Load (0.0ms)[0m  [1m[34mSELECT  "cats".* FROM "cats" LIMIT $1[0m  [["LIMIT", 11]]
  ↳ /Users/aa/.rbenv/versions/2.5.1/lib/ruby/gems/2.5.0/gems/activerecord-5.2.3/lib/active_record/log_subscriber.rb:98
  [1m[36mCACHE Cat Load (0.0ms)[0m  [1m[34mSELECT  "cats".* FROM "cats" LIMIT $1[0m  [["LIMIT", 11]]
  ↳ /Users/aa/.rbenv/versions/2.5.1/lib/ruby/gems/2.5.0/gems/activerecord-5.2.3/lib/active_record/log_subscriber.rb:98
  [1m[36mCACHE Cat Load (0.0ms)[0m  [1m[34mSELECT  "cats".* FROM "cats" LIMIT $1[0m  [["LIMIT", 11]]
Started GET "/cats" for ::1 at 2019-04-30 15:20:44 -0400
  ↳ /Users/aa/.rbenv/versions/2.5.1/lib/ruby/gems/2.5.0/gems/activerecord-5.2.3/lib/active_record/log_subscriber.rb:98
  [1m[36mCACHE Cat Load (0.0ms)[0m  [1m[34mSELECT  "cats".* FROM "cats" LIMIT $1[0m  [["LIMIT", 11]]
  ↳ /Users/aa/.rbenv/versions/2.5.1/lib/ruby/gems/2.5.0/gems/activerecord-5.2.3/lib/active_record/log_subscriber.rb:98
Processing by CatsController#index as HTML
  Rendering cats/index.html.erb within layouts/application
  [1m[36mCat Load (1.3ms)[0m  [1m[34mSELECT "cats".* FROM "cats"[0m
  ↳ app/views/cats/index.html.erb:7
  Rendered cats/index.html.erb within layouts/application (7.7ms)
Completed 500 Internal Server Error in 14ms (ActiveRecord: 1.3ms)



ActiveRecord::AssociationNotFoundError - Association named 'name' was not found on Cat; perhaps you misspelled it?:
  app/views/cats/index.html.erb:7:in `_app_views_cats_index_html_erb___43894432444689007_70223594160160'
  app/controllers/cats_controller.rb:6:in `index'

Started POST "/__better_errors/f00719d9d362367d/variables" for ::1 at 2019-04-30 15:20:44 -0400
  [1m[36mCat Load (0.4ms)[0m  [1m[34mSELECT  "cats".* FROM "cats" LIMIT $1[0m  [["LIMIT", 11]]
  ↳ /Users/aa/.rbenv/versions/2.5.1/lib/ruby/gems/2.5.0/gems/activerecord-5.2.3/lib/active_record/log_subscriber.rb:98
  [1m[36mCACHE Cat Load (0.0ms)[0m  [1m[34mSELECT  "cats".* FROM "cats" LIMIT $1[0m  [["LIMIT", 11]]
  ↳ /Users/aa/.rbenv/versions/2.5.1/lib/ruby/gems/2.5.0/gems/activerecord-5.2.3/lib/active_record/log_subscriber.rb:98
  [1m[36mCACHE Cat Load (0.0ms)[0m  [1m[34mSELECT  "cats".* FROM "cats" LIMIT $1[0m  [["LIMIT", 11]]
  ↳ /Users/aa/.rbenv/versions/2.5.1/lib/ruby/gems/2.5.0/gems/activerecord-5.2.3/lib/active_record/log_subscriber.rb:98
  [1m[36mCACHE Cat Load (0.0ms)[0m  [1m[34mSELECT  "cats".* FROM "cats" LIMIT $1[0m  [["LIMIT", 11]]
  ↳ /Users/aa/.rbenv/versions/2.5.1/lib/ruby/gems/2.5.0/gems/activerecord-5.2.3/lib/active_record/log_subscriber.rb:98
  [1m[36mCACHE Cat Load (0.0ms)[0m  [1m[34mSELECT  "cats".* FROM "cats" LIMIT $1[0m  [["LIMIT", 11]]
  ↳ /Users/aa/.rbenv/versions/2.5.1/lib/ruby/gems/2.5.0/gems/activerecord-5.2.3/lib/active_record/log_subscriber.rb:98
Started GET "/cats" for ::1 at 2019-04-30 15:23:26 -0400
Processing by CatsController#index as HTML
  Rendering cats/index.html.erb within layouts/application
  [1m[36mCat Load (1.6ms)[0m  [1m[34mSELECT "cats".* FROM "cats"[0m
  ↳ app/views/cats/index.html.erb:7
  Rendered cats/index.html.erb within layouts/application (31.2ms)
Completed 500 Internal Server Error in 62ms (ActiveRecord: 1.6ms)



ActiveRecord::AssociationNotFoundError - Association named 'name' was not found on Cat; perhaps you misspelled it?:
  app/views/cats/index.html.erb:7:in `_app_views_cats_index_html_erb___43894432444689007_70223587416560'
  app/controllers/cats_controller.rb:6:in `index'

Started POST "/__better_errors/d3cf3adbc95bcf3c/variables" for ::1 at 2019-04-30 15:23:27 -0400
  [1m[36mCat Load (0.6ms)[0m  [1m[34mSELECT  "cats".* FROM "cats" LIMIT $1[0m  [["LIMIT", 11]]
  ↳ /Users/aa/.rbenv/versions/2.5.1/lib/ruby/gems/2.5.0/gems/activerecord-5.2.3/lib/active_record/log_subscriber.rb:98
  [1m[36mCACHE Cat Load (0.0ms)[0m  [1m[34mSELECT  "cats".* FROM "cats" LIMIT $1[0m  [["LIMIT", 11]]
  ↳ /Users/aa/.rbenv/versions/2.5.1/lib/ruby/gems/2.5.0/gems/activerecord-5.2.3/lib/active_record/log_subscriber.rb:98
  [1m[36mCACHE Cat Load (0.0ms)[0m  [1m[34mSELECT  "cats".* FROM "cats" LIMIT $1[0m  [["LIMIT", 11]]
  ↳ /Users/aa/.rbenv/versions/2.5.1/lib/ruby/gems/2.5.0/gems/activerecord-5.2.3/lib/active_record/log_subscriber.rb:98
  [1m[36mCACHE Cat Load (0.0ms)[0m  [1m[34mSELECT  "cats".* FROM "cats" LIMIT $1[0m  [["LIMIT", 11]]
  ↳ /Users/aa/.rbenv/versions/2.5.1/lib/ruby/gems/2.5.0/gems/activerecord-5.2.3/lib/active_record/log_subscriber.rb:98
  [1m[36mCACHE Cat Load (0.0ms)[0m  [1m[34mSELECT  "cats".* FROM "cats" LIMIT $1[0m  [["LIMIT", 11]]
  ↳ /Users/aa/.rbenv/versions/2.5.1/lib/ruby/gems/2.5.0/gems/activerecord-5.2.3/lib/active_record/log_subscriber.rb:98
Started GET "/cats" for ::1 at 2019-04-30 15:26:13 -0400
Processing by CatsController#index as HTML
  Rendering cats/index.html.erb within layouts/application
  [1m[36mCat Load (1.0ms)[0m  [1m[34mSELECT "cats".* FROM "cats"[0m
  ↳ app/views/cats/index.html.erb:7
  Rendered cats/index.html.erb within layouts/application (7.2ms)
Completed 500 Internal Server Error in 43ms (ActiveRecord: 1.0ms)



ActiveRecord::AssociationNotFoundError - Association named 'name' was not found on Cat; perhaps you misspelled it?:
  app/views/cats/index.html.erb:7:in `_app_views_cats_index_html_erb___43894432444689007_70223594557600'
  app/controllers/cats_controller.rb:6:in `index'

Started POST "/__better_errors/28f3679b63c1c338/variables" for ::1 at 2019-04-30 15:26:13 -0400
  [1m[36mCat Load (0.4ms)[0m  [1m[34mSELECT  "cats".* FROM "cats" LIMIT $1[0m  [["LIMIT", 11]]
  ↳ /Users/aa/.rbenv/versions/2.5.1/lib/ruby/gems/2.5.0/gems/activerecord-5.2.3/lib/active_record/log_subscriber.rb:98
  [1m[36mCACHE Cat Load (0.0ms)[0m  [1m[34mSELECT  "cats".* FROM "cats" LIMIT $1[0m  [["LIMIT", 11]]
  ↳ /Users/aa/.rbenv/versions/2.5.1/lib/ruby/gems/2.5.0/gems/activerecord-5.2.3/lib/active_record/log_subscriber.rb:98
  [1m[36mCACHE Cat Load (0.0ms)[0m  [1m[34mSELECT  "cats".* FROM "cats" LIMIT $1[0m  [["LIMIT", 11]]
  ↳ /Users/aa/.rbenv/versions/2.5.1/lib/ruby/gems/2.5.0/gems/activerecord-5.2.3/lib/active_record/log_subscriber.rb:98
  [1m[36mCACHE Cat Load (0.0ms)[0m  [1m[34mSELECT  "cats".* FROM "cats" LIMIT $1[0m  [["LIMIT", 11]]
  ↳ /Users/aa/.rbenv/versions/2.5.1/lib/ruby/gems/2.5.0/gems/activerecord-5.2.3/lib/active_record/log_subscriber.rb:98
  [1m[36mCACHE Cat Load (0.0ms)[0m  [1m[34mSELECT  "cats".* FROM "cats" LIMIT $1[0m  [["LIMIT", 11]]
  ↳ /Users/aa/.rbenv/versions/2.5.1/lib/ruby/gems/2.5.0/gems/activerecord-5.2.3/lib/active_record/log_subscriber.rb:98
Started GET "/cats" for ::1 at 2019-04-30 15:26:32 -0400
Processing by CatsController#index as HTML
  Rendering cats/index.html.erb within layouts/application
  [1m[36mCat Load (0.7ms)[0m  [1m[34mSELECT "cats".* FROM "cats"[0m
  ↳ app/views/cats/index.html.erb:7
  Rendered cats/index.html.erb within layouts/application (6.8ms)
Completed 500 Internal Server Error in 18ms (ActiveRecord: 0.7ms)



ActiveRecord::AssociationNotFoundError - Association named 'name' was not found on Cat; perhaps you misspelled it?:
  app/views/cats/index.html.erb:7:in `_app_views_cats_index_html_erb___43894432444689007_70223593136460'
  app/controllers/cats_controller.rb:6:in `index'

Started POST "/__better_errors/b564b1ddb7151fff/variables" for ::1 at 2019-04-30 15:26:33 -0400
  [1m[36mCat Load (0.4ms)[0m  [1m[34mSELECT  "cats".* FROM "cats" LIMIT $1[0m  [["LIMIT", 11]]
  ↳ /Users/aa/.rbenv/versions/2.5.1/lib/ruby/gems/2.5.0/gems/activerecord-5.2.3/lib/active_record/log_subscriber.rb:98
  [1m[36mCACHE Cat Load (0.0ms)[0m  [1m[34mSELECT  "cats".* FROM "cats" LIMIT $1[0m  [["LIMIT", 11]]
  ↳ /Users/aa/.rbenv/versions/2.5.1/lib/ruby/gems/2.5.0/gems/activerecord-5.2.3/lib/active_record/log_subscriber.rb:98
  [1m[36mCACHE Cat Load (0.0ms)[0m  [1m[34mSELECT  "cats".* FROM "cats" LIMIT $1[0m  [["LIMIT", 11]]
  ↳ /Users/aa/.rbenv/versions/2.5.1/lib/ruby/gems/2.5.0/gems/activerecord-5.2.3/lib/active_record/log_subscriber.rb:98
  [1m[36mCACHE Cat Load (0.0ms)[0m  [1m[34mSELECT  "cats".* FROM "cats" LIMIT $1[0m  [["LIMIT", 11]]
  ↳ /Users/aa/.rbenv/versions/2.5.1/lib/ruby/gems/2.5.0/gems/activerecord-5.2.3/lib/active_record/log_subscriber.rb:98
  [1m[36mCACHE Cat Load (0.0ms)[0m  [1m[34mSELECT  "cats".* FROM "cats" LIMIT $1[0m  [["LIMIT", 11]]
  ↳ /Users/aa/.rbenv/versions/2.5.1/lib/ruby/gems/2.5.0/gems/activerecord-5.2.3/lib/active_record/log_subscriber.rb:98
Started GET "/cats" for ::1 at 2019-04-30 15:27:02 -0400
  [1m[35m (0.9ms)[0m  [1m[34mSELECT "schema_migrations"."version" FROM "schema_migrations" ORDER BY "schema_migrations"."version" ASC[0m
  ↳ /Users/aa/.rbenv/versions/2.5.1/lib/ruby/gems/2.5.0/gems/activerecord-5.2.3/lib/active_record/log_subscriber.rb:98
Processing by CatsController#index as HTML
  Rendering cats/index.html.erb within layouts/application
  [1m[36mCat Load (1.9ms)[0m  [1m[34mSELECT "cats".* FROM "cats"[0m
  ↳ app/views/cats/index.html.erb:7
  Rendered cats/index.html.erb within layouts/application (66.4ms)
Completed 500 Internal Server Error in 132ms (ActiveRecord: 13.7ms)



ActiveRecord::AssociationNotFoundError - Association named 'name' was not found on Cat; perhaps you misspelled it?:
  app/views/cats/index.html.erb:7:in `_app_views_cats_index_html_erb___1781008440290489708_70309642703380'
  app/controllers/cats_controller.rb:6:in `index'

Started POST "/__better_errors/a904b0d25bad5839/variables" for ::1 at 2019-04-30 15:27:02 -0400
  [1m[36mCat Load (0.4ms)[0m  [1m[34mSELECT  "cats".* FROM "cats" LIMIT $1[0m  [["LIMIT", 11]]
  ↳ /Users/aa/.rbenv/versions/2.5.1/lib/ruby/gems/2.5.0/gems/activerecord-5.2.3/lib/active_record/log_subscriber.rb:98
  [1m[36mCACHE Cat Load (0.0ms)[0m  [1m[34mSELECT  "cats".* FROM "cats" LIMIT $1[0m  [["LIMIT", 11]]
  ↳ /Users/aa/.rbenv/versions/2.5.1/lib/ruby/gems/2.5.0/gems/activerecord-5.2.3/lib/active_record/log_subscriber.rb:98
  [1m[36mCACHE Cat Load (0.0ms)[0m  [1m[34mSELECT  "cats".* FROM "cats" LIMIT $1[0m  [["LIMIT", 11]]
  ↳ /Users/aa/.rbenv/versions/2.5.1/lib/ruby/gems/2.5.0/gems/activerecord-5.2.3/lib/active_record/log_subscriber.rb:98
  [1m[36mCACHE Cat Load (0.0ms)[0m  [1m[34mSELECT  "cats".* FROM "cats" LIMIT $1[0m  [["LIMIT", 11]]
  ↳ /Users/aa/.rbenv/versions/2.5.1/lib/ruby/gems/2.5.0/gems/activerecord-5.2.3/lib/active_record/log_subscriber.rb:98
  [1m[36mCACHE Cat Load (0.0ms)[0m  [1m[34mSELECT  "cats".* FROM "cats" LIMIT $1[0m  [["LIMIT", 11]]
  ↳ /Users/aa/.rbenv/versions/2.5.1/lib/ruby/gems/2.5.0/gems/activerecord-5.2.3/lib/active_record/log_subscriber.rb:98
Started GET "/cats" for ::1 at 2019-04-30 15:29:52 -0400
Processing by CatsController#index as HTML
  Rendering cats/index.html.erb within layouts/application
  [1m[36mCat Load (0.4ms)[0m  [1m[34mSELECT "cats".* FROM "cats"[0m
  ↳ app/views/cats/index.html.erb:7
  Rendered cats/index.html.erb within layouts/application (20.3ms)
Completed 200 OK in 431ms (Views: 405.8ms | ActiveRecord: 7.9ms)


Started GET "/cats" for ::1 at 2019-04-30 15:30:37 -0400
Processing by CatsController#index as HTML
  Rendering cats/index.html.erb within layouts/application
  [1m[36mCat Load (1.5ms)[0m  [1m[34mSELECT "cats".* FROM "cats"[0m
  ↳ app/views/cats/index.html.erb:7
  Rendered cats/index.html.erb within layouts/application (24.8ms)
Completed 500 Internal Server Error in 79ms (ActiveRecord: 9.5ms)



ActiveRecord::AssociationNotFoundError - Association named 'name' was not found on Cat; perhaps you misspelled it?:
  app/views/cats/index.html.erb:7:in `_app_views_cats_index_html_erb___1781008440290489708_70309681211960'
  app/controllers/cats_controller.rb:6:in `index'

Started POST "/__better_errors/4b3ad987321d6b48/variables" for ::1 at 2019-04-30 15:30:38 -0400
  [1m[36mCat Load (0.8ms)[0m  [1m[34mSELECT  "cats".* FROM "cats" LIMIT $1[0m  [["LIMIT", 11]]
  ↳ /Users/aa/.rbenv/versions/2.5.1/lib/ruby/gems/2.5.0/gems/activerecord-5.2.3/lib/active_record/log_subscriber.rb:98
  [1m[36mCACHE Cat Load (0.0ms)[0m  [1m[34mSELECT  "cats".* FROM "cats" LIMIT $1[0m  [["LIMIT", 11]]
  ↳ /Users/aa/.rbenv/versions/2.5.1/lib/ruby/gems/2.5.0/gems/activerecord-5.2.3/lib/active_record/log_subscriber.rb:98
  [1m[36mCACHE Cat Load (0.1ms)[0m  [1m[34mSELECT  "cats".* FROM "cats" LIMIT $1[0m  [["LIMIT", 11]]
  ↳ /Users/aa/.rbenv/versions/2.5.1/lib/ruby/gems/2.5.0/gems/activerecord-5.2.3/lib/active_record/log_subscriber.rb:98
  [1m[36mCACHE Cat Load (0.0ms)[0m  [1m[34mSELECT  "cats".* FROM "cats" LIMIT $1[0m  [["LIMIT", 11]]
  ↳ /Users/aa/.rbenv/versions/2.5.1/lib/ruby/gems/2.5.0/gems/activerecord-5.2.3/lib/active_record/log_subscriber.rb:98
  [1m[36mCACHE Cat Load (0.0ms)[0m  [1m[34mSELECT  "cats".* FROM "cats" LIMIT $1[0m  [["LIMIT", 11]]
  ↳ /Users/aa/.rbenv/versions/2.5.1/lib/ruby/gems/2.5.0/gems/activerecord-5.2.3/lib/active_record/log_subscriber.rb:98
Started GET "/cats" for ::1 at 2019-04-30 15:33:49 -0400
Processing by CatsController#index as HTML
  Rendering cats/index.html.erb within layouts/application
  [1m[36mCat Load (0.6ms)[0m  [1m[34mSELECT "cats".* FROM "cats"[0m
  ↳ app/views/cats/index.html.erb:7
  Rendered cats/index.html.erb within layouts/application (24.4ms)
Completed 200 OK in 108ms (Views: 71.6ms | ActiveRecord: 11.5ms)


Started GET "/cats" for ::1 at 2019-04-30 15:38:01 -0400
Processing by CatsController#index as HTML
  Rendering cats/index.html.erb within layouts/application
  [1m[36mCat Load (0.7ms)[0m  [1m[34mSELECT "cats".* FROM "cats"[0m
  ↳ app/views/cats/index.html.erb:7
  Rendered cats/index.html.erb within layouts/application (3.1ms)
Completed 200 OK in 42ms (Views: 40.8ms | ActiveRecord: 0.7ms)


Started GET "/cats" for ::1 at 2019-04-30 15:38:37 -0400
Processing by CatsController#index as HTML
  Rendering cats/index.html.erb within layouts/application
  [1m[36mCat Load (0.7ms)[0m  [1m[34mSELECT "cats".* FROM "cats"[0m
  ↳ app/views/cats/index.html.erb:7
  Rendered cats/index.html.erb within layouts/application (3.2ms)
Completed 200 OK in 20ms (Views: 18.3ms | ActiveRecord: 0.7ms)


Started GET "/cats" for ::1 at 2019-04-30 15:46:20 -0400
Processing by CatsController#index as HTML
  Rendering cats/index.html.erb within layouts/application
  [1m[36mCat Load (1.2ms)[0m  [1m[34mSELECT "cats".* FROM "cats"[0m
  ↳ app/views/cats/index.html.erb:7
  Rendered cats/index.html.erb within layouts/application (55.9ms)
Completed 200 OK in 171ms (Views: 113.6ms | ActiveRecord: 18.5ms)


Started GET "/cats" for ::1 at 2019-04-30 16:03:00 -0400
Processing by CatsController#index as HTML
  Rendering cats/index.html.erb within layouts/application
  [1m[36mCat Load (2.5ms)[0m  [1m[34mSELECT "cats".* FROM "cats"[0m
  ↳ app/views/cats/index.html.erb:7
  Rendered cats/index.html.erb within layouts/application (7.8ms)
Completed 200 OK in 47ms (Views: 42.0ms | ActiveRecord: 2.5ms)


Started GET "/cats/2" for ::1 at 2019-04-30 16:03:03 -0400
Processing by CatsController#show as HTML
  Parameters: {"id"=>"2"}
  [1m[36mCat Load (0.4ms)[0m  [1m[34mSELECT  "cats".* FROM "cats" WHERE "cats"."id" = $1 LIMIT $2[0m  [["id", 2], ["LIMIT", 1]]
  ↳ app/controllers/cats_controller.rb:11
  Rendering cats/show.html.erb within layouts/application
  Rendered cats/show.html.erb within layouts/application (76.7ms)
Completed 500 Internal Server Error in 178ms (ActiveRecord: 0.7ms)



NameError - uninitialized constant ActionView::CompiledTemplates::KAT:
  app/views/cats/show.html.erb:4:in `_app_views_cats_show_html_erb__1711403636579151094_70309640543700'
  app/controllers/cats_controller.rb:14:in `show'

Started POST "/__better_errors/e7b65f64b1d3e7f5/variables" for ::1 at 2019-04-30 16:03:04 -0400
Started GET "/cats/2" for ::1 at 2019-04-30 16:04:38 -0400
Processing by CatsController#show as HTML
  Parameters: {"id"=>"2"}
  [1m[36mCat Load (1.1ms)[0m  [1m[34mSELECT  "cats".* FROM "cats" WHERE "cats"."id" = $1 LIMIT $2[0m  [["id", 2], ["LIMIT", 1]]
  ↳ app/controllers/cats_controller.rb:11
  Rendering cats/show.html.erb within layouts/application
  Rendered cats/show.html.erb within layouts/application (1.2ms)
Completed 200 OK in 39ms (Views: 32.9ms | ActiveRecord: 1.1ms)


Started GET "/cats/2" for ::1 at 2019-04-30 16:04:39 -0400
Processing by CatsController#show as HTML
  Parameters: {"id"=>"2"}
  [1m[36mCat Load (0.6ms)[0m  [1m[34mSELECT  "cats".* FROM "cats" WHERE "cats"."id" = $1 LIMIT $2[0m  [["id", 2], ["LIMIT", 1]]
  ↳ app/controllers/cats_controller.rb:11
  Rendering cats/show.html.erb within layouts/application
  Rendered cats/show.html.erb within layouts/application (0.9ms)
Completed 200 OK in 16ms (Views: 13.7ms | ActiveRecord: 0.6ms)


Started GET "/cats/2" for ::1 at 2019-04-30 16:05:35 -0400
Processing by CatsController#show as HTML
  Parameters: {"id"=>"2"}
  [1m[36mCat Load (1.1ms)[0m  [1m[34mSELECT  "cats".* FROM "cats" WHERE "cats"."id" = $1 LIMIT $2[0m  [["id", 2], ["LIMIT", 1]]
  ↳ app/controllers/cats_controller.rb:11
  Rendering cats/show.html.erb within layouts/application
  Rendered cats/show.html.erb within layouts/application (0.9ms)
Completed 200 OK in 60ms (Views: 57.4ms | ActiveRecord: 1.1ms)


Started GET "/cats/2" for ::1 at 2019-04-30 16:08:12 -0400
Processing by CatsController#show as HTML
  Parameters: {"id"=>"2"}
  [1m[36mCat Load (1.4ms)[0m  [1m[34mSELECT  "cats".* FROM "cats" WHERE "cats"."id" = $1 LIMIT $2[0m  [["id", 2], ["LIMIT", 1]]
  ↳ app/controllers/cats_controller.rb:11
  Rendering cats/show.html.erb within layouts/application
  Rendered cats/show.html.erb within layouts/application (0.8ms)
Completed 200 OK in 30ms (Views: 26.9ms | ActiveRecord: 1.4ms)


Started GET "/cats/2" for ::1 at 2019-04-30 16:08:53 -0400
Processing by CatsController#show as HTML
  Parameters: {"id"=>"2"}
  [1m[36mCat Load (0.7ms)[0m  [1m[34mSELECT  "cats".* FROM "cats" WHERE "cats"."id" = $1 LIMIT $2[0m  [["id", 2], ["LIMIT", 1]]
  ↳ app/controllers/cats_controller.rb:11
  Rendering cats/show.html.erb within layouts/application
  Rendered cats/show.html.erb within layouts/application (0.8ms)
Completed 200 OK in 17ms (Views: 14.3ms | ActiveRecord: 0.7ms)


Started GET "/cats/2" for ::1 at 2019-04-30 16:09:03 -0400
Processing by CatsController#show as HTML
  Parameters: {"id"=>"2"}
  [1m[36mCat Load (0.4ms)[0m  [1m[34mSELECT  "cats".* FROM "cats" WHERE "cats"."id" = $1 LIMIT $2[0m  [["id", 2], ["LIMIT", 1]]
  ↳ app/controllers/cats_controller.rb:11
  Rendering cats/show.html.erb within layouts/application
  Rendered cats/show.html.erb within layouts/application (12.1ms)
Completed 200 OK in 30ms (Views: 26.1ms | ActiveRecord: 0.4ms)


Started GET "/cats/2" for ::1 at 2019-04-30 16:09:42 -0400
Processing by CatsController#show as HTML
  Parameters: {"id"=>"2"}
  [1m[36mCat Load (0.8ms)[0m  [1m[34mSELECT  "cats".* FROM "cats" WHERE "cats"."id" = $1 LIMIT $2[0m  [["id", 2], ["LIMIT", 1]]
  ↳ app/controllers/cats_controller.rb:11
  Rendering cats/show.html.erb within layouts/application
  Rendered cats/show.html.erb within layouts/application (1.8ms)
Completed 200 OK in 33ms (Views: 28.8ms | ActiveRecord: 0.8ms)


Started GET "/cats/2" for ::1 at 2019-04-30 16:09:56 -0400
Processing by CatsController#show as HTML
  Parameters: {"id"=>"2"}
  [1m[36mCat Load (2.3ms)[0m  [1m[34mSELECT  "cats".* FROM "cats" WHERE "cats"."id" = $1 LIMIT $2[0m  [["id", 2], ["LIMIT", 1]]
  ↳ app/controllers/cats_controller.rb:11
  Rendering cats/show.html.erb within layouts/application
  Rendered cats/show.html.erb within layouts/application (1.0ms)
Completed 200 OK in 22ms (Views: 16.8ms | ActiveRecord: 2.3ms)


Started GET "/cats/2" for ::1 at 2019-04-30 16:10:07 -0400
Processing by CatsController#show as HTML
  Parameters: {"id"=>"2"}
  [1m[36mCat Load (1.2ms)[0m  [1m[34mSELECT  "cats".* FROM "cats" WHERE "cats"."id" = $1 LIMIT $2[0m  [["id", 2], ["LIMIT", 1]]
  ↳ app/controllers/cats_controller.rb:11
  Rendering cats/show.html.erb within layouts/application
  Rendered cats/show.html.erb within layouts/application (0.7ms)
Completed 200 OK in 16ms (Views: 12.0ms | ActiveRecord: 1.2ms)


Started GET "/cats/2" for ::1 at 2019-04-30 16:10:08 -0400
Processing by CatsController#show as HTML
  Parameters: {"id"=>"2"}
  [1m[36mCat Load (0.4ms)[0m  [1m[34mSELECT  "cats".* FROM "cats" WHERE "cats"."id" = $1 LIMIT $2[0m  [["id", 2], ["LIMIT", 1]]
  ↳ app/controllers/cats_controller.rb:11
  Rendering cats/show.html.erb within layouts/application
  Rendered cats/show.html.erb within layouts/application (0.9ms)
Completed 200 OK in 22ms (Views: 18.6ms | ActiveRecord: 0.4ms)


Started GET "/cats/2" for ::1 at 2019-04-30 16:10:09 -0400
Processing by CatsController#show as HTML
  Parameters: {"id"=>"2"}
  [1m[36mCat Load (0.5ms)[0m  [1m[34mSELECT  "cats".* FROM "cats" WHERE "cats"."id" = $1 LIMIT $2[0m  [["id", 2], ["LIMIT", 1]]
  ↳ app/controllers/cats_controller.rb:11
  Rendering cats/show.html.erb within layouts/application
  Rendered cats/show.html.erb within layouts/application (0.8ms)
Completed 200 OK in 19ms (Views: 15.5ms | ActiveRecord: 0.5ms)


Started GET "/cats/2" for ::1 at 2019-04-30 16:10:16 -0400
Processing by CatsController#show as HTML
  Parameters: {"id"=>"2"}
  [1m[36mCat Load (0.5ms)[0m  [1m[34mSELECT  "cats".* FROM "cats" WHERE "cats"."id" = $1 LIMIT $2[0m  [["id", 2], ["LIMIT", 1]]
  ↳ app/controllers/cats_controller.rb:11
  Rendering cats/show.html.erb within layouts/application
  Rendered cats/show.html.erb within layouts/application (1.1ms)
Completed 200 OK in 21ms (Views: 17.3ms | ActiveRecord: 0.5ms)


Started GET "/cats/2" for ::1 at 2019-04-30 16:10:39 -0400
Processing by CatsController#show as HTML
  Parameters: {"id"=>"2"}
  [1m[36mCat Load (0.4ms)[0m  [1m[34mSELECT  "cats".* FROM "cats" WHERE "cats"."id" = $1 LIMIT $2[0m  [["id", 2], ["LIMIT", 1]]
  ↳ app/controllers/cats_controller.rb:11
  Rendering cats/show.html.erb within layouts/application
  Rendered cats/show.html.erb within layouts/application (4.1ms)
Completed 200 OK in 18ms (Views: 16.1ms | ActiveRecord: 0.4ms)


Started GET "/cats/2" for ::1 at 2019-04-30 16:10:40 -0400
Processing by CatsController#show as HTML
  Parameters: {"id"=>"2"}
  [1m[36mCat Load (0.4ms)[0m  [1m[34mSELECT  "cats".* FROM "cats" WHERE "cats"."id" = $1 LIMIT $2[0m  [["id", 2], ["LIMIT", 1]]
  ↳ app/controllers/cats_controller.rb:11
  Rendering cats/show.html.erb within layouts/application
  Rendered cats/show.html.erb within layouts/application (0.8ms)
Completed 200 OK in 14ms (Views: 11.3ms | ActiveRecord: 0.4ms)


Started GET "/cats/2" for ::1 at 2019-04-30 16:10:40 -0400
Processing by CatsController#show as HTML
  Parameters: {"id"=>"2"}
  [1m[36mCat Load (0.3ms)[0m  [1m[34mSELECT  "cats".* FROM "cats" WHERE "cats"."id" = $1 LIMIT $2[0m  [["id", 2], ["LIMIT", 1]]
  ↳ app/controllers/cats_controller.rb:11
  Rendering cats/show.html.erb within layouts/application
  Rendered cats/show.html.erb within layouts/application (0.9ms)
Completed 200 OK in 13ms (Views: 12.1ms | ActiveRecord: 0.3ms)


Started GET "/cats/2" for ::1 at 2019-04-30 16:10:55 -0400
Processing by CatsController#show as HTML
  Parameters: {"id"=>"2"}
  [1m[36mCat Load (0.4ms)[0m  [1m[34mSELECT  "cats".* FROM "cats" WHERE "cats"."id" = $1 LIMIT $2[0m  [["id", 2], ["LIMIT", 1]]
  ↳ app/controllers/cats_controller.rb:11
  Rendering cats/show.html.erb within layouts/application
  Rendered cats/show.html.erb within layouts/application (0.9ms)
Completed 200 OK in 168ms (Views: 165.2ms | ActiveRecord: 0.4ms)


Started GET "/cats/2" for ::1 at 2019-04-30 16:10:56 -0400
Processing by CatsController#show as HTML
  Parameters: {"id"=>"2"}
  [1m[36mCat Load (0.4ms)[0m  [1m[34mSELECT  "cats".* FROM "cats" WHERE "cats"."id" = $1 LIMIT $2[0m  [["id", 2], ["LIMIT", 1]]
  ↳ app/controllers/cats_controller.rb:11
  Rendering cats/show.html.erb within layouts/application
  Rendered cats/show.html.erb within layouts/application (1.7ms)
Completed 200 OK in 15ms (Views: 13.6ms | ActiveRecord: 0.4ms)


Started GET "/cats/2" for ::1 at 2019-04-30 16:11:10 -0400
Processing by CatsController#show as HTML
  Parameters: {"id"=>"2"}
  [1m[36mCat Load (0.5ms)[0m  [1m[34mSELECT  "cats".* FROM "cats" WHERE "cats"."id" = $1 LIMIT $2[0m  [["id", 2], ["LIMIT", 1]]
  ↳ app/controllers/cats_controller.rb:11
  Rendering cats/show.html.erb within layouts/application
  Rendered cats/show.html.erb within layouts/application (0.7ms)
Completed 200 OK in 13ms (Views: 9.8ms | ActiveRecord: 0.5ms)


Started GET "/cats/2" for ::1 at 2019-04-30 16:11:10 -0400
Processing by CatsController#show as HTML
  Parameters: {"id"=>"2"}
  [1m[36mCat Load (0.5ms)[0m  [1m[34mSELECT  "cats".* FROM "cats" WHERE "cats"."id" = $1 LIMIT $2[0m  [["id", 2], ["LIMIT", 1]]
  ↳ app/controllers/cats_controller.rb:11
  Rendering cats/show.html.erb within layouts/application
  Rendered cats/show.html.erb within layouts/application (0.8ms)
Completed 200 OK in 17ms (Views: 14.1ms | ActiveRecord: 0.5ms)


Started GET "/cats/2" for ::1 at 2019-04-30 16:13:26 -0400
Processing by CatsController#show as HTML
  Parameters: {"id"=>"2"}
  [1m[36mCat Load (0.7ms)[0m  [1m[34mSELECT  "cats".* FROM "cats" WHERE "cats"."id" = $1 LIMIT $2[0m  [["id", 2], ["LIMIT", 1]]
  ↳ app/controllers/cats_controller.rb:11
  Rendering cats/show.html.erb within layouts/application
  Rendered cats/show.html.erb within layouts/application (0.6ms)
Completed 200 OK in 26ms (Views: 23.4ms | ActiveRecord: 0.7ms)


Started GET "/cats" for ::1 at 2019-04-30 16:13:46 -0400
Processing by CatsController#index as HTML
  Rendering cats/index.html.erb within layouts/application
  [1m[36mCat Load (0.6ms)[0m  [1m[34mSELECT "cats".* FROM "cats"[0m
  ↳ app/views/cats/index.html.erb:7
  Rendered cats/index.html.erb within layouts/application (2.6ms)
Completed 200 OK in 51ms (Views: 48.6ms | ActiveRecord: 0.6ms)


Started GET "/cats/5" for ::1 at 2019-04-30 16:13:48 -0400
Processing by CatsController#show as HTML
  Parameters: {"id"=>"5"}
  [1m[36mCat Load (0.6ms)[0m  [1m[34mSELECT  "cats".* FROM "cats" WHERE "cats"."id" = $1 LIMIT $2[0m  [["id", 5], ["LIMIT", 1]]
  ↳ app/controllers/cats_controller.rb:11
  Rendering cats/show.html.erb within layouts/application
  Rendered cats/show.html.erb within layouts/application (0.8ms)
Completed 200 OK in 16ms (Views: 13.3ms | ActiveRecord: 0.6ms)


Started GET "/cats/6" for ::1 at 2019-04-30 16:13:55 -0400
Processing by CatsController#show as HTML
  Parameters: {"id"=>"6"}
  [1m[36mCat Load (0.4ms)[0m  [1m[34mSELECT  "cats".* FROM "cats" WHERE "cats"."id" = $1 LIMIT $2[0m  [["id", 6], ["LIMIT", 1]]
  ↳ app/controllers/cats_controller.rb:11
  Rendering cats/show.html.erb within layouts/application
  Rendered cats/show.html.erb within layouts/application (0.8ms)
Completed 200 OK in 15ms (Views: 12.8ms | ActiveRecord: 0.4ms)


Started GET "/cats/2" for ::1 at 2019-04-30 16:14:22 -0400
Processing by CatsController#show as HTML
  Parameters: {"id"=>"2"}
  [1m[36mCat Load (0.3ms)[0m  [1m[34mSELECT  "cats".* FROM "cats" WHERE "cats"."id" = $1 LIMIT $2[0m  [["id", 2], ["LIMIT", 1]]
  ↳ app/controllers/cats_controller.rb:11
  Rendering cats/show.html.erb within layouts/application
  Rendered cats/show.html.erb within layouts/application (2.2ms)
Completed 200 OK in 20ms (Views: 18.2ms | ActiveRecord: 0.3ms)


Started GET "/cats/4" for ::1 at 2019-04-30 16:14:24 -0400
Processing by CatsController#show as HTML
  Parameters: {"id"=>"4"}
  [1m[36mCat Load (0.9ms)[0m  [1m[34mSELECT  "cats".* FROM "cats" WHERE "cats"."id" = $1 LIMIT $2[0m  [["id", 4], ["LIMIT", 1]]
  ↳ app/controllers/cats_controller.rb:11
  Rendering cats/show.html.erb within layouts/application
  Rendered cats/show.html.erb within layouts/application (1.4ms)
Completed 200 OK in 21ms (Views: 16.7ms | ActiveRecord: 0.9ms)


Started GET "/cats" for ::1 at 2019-04-30 16:50:55 -0400

SyntaxError - syntax error, unexpected tIVAR, expecting keyword_end
            render :json @cat.errors.full_messages status:...
                         ^~~~:
  app/controllers/cats_controller.rb:28:in `'

Started POST "/__better_errors/a00d79d974af6f3a/variables" for ::1 at 2019-04-30 16:50:55 -0400
Started GET "/cats/new" for ::1 at 2019-04-30 16:51:36 -0400

SyntaxError - syntax error, unexpected tIVAR, expecting keyword_end
            render :json @cat.errors.full_messages, status...
                         ^~~~
/Users/aa/Desktop/AppAcademyProjects/W4D2/NinetyNineCats/app/controllers/cats_controller.rb:28: syntax error, unexpected tLABEL, expecting '='
...t.errors.full_messages, status: 422
...                        ^~~~~~~:
  app/controllers/cats_controller.rb:28:in `'

Started POST "/__better_errors/4ef124d1478d568b/variables" for ::1 at 2019-04-30 16:51:36 -0400
Started GET "/cats/new" for ::1 at 2019-04-30 16:52:21 -0400
Processing by CatsController#new as HTML
  Rendering cats/new.html.erb within layouts/application
  Rendered cats/_form.html.erb (5.7ms)
  Rendered cats/new.html.erb within layouts/application (23.5ms)
Completed 500 Internal Server Error in 87ms (ActiveRecord: 0.0ms)



NoMethodError - undefined method `persisted?' for nil:NilClass:
  app/views/cats/_form.html.erb:1:in `_app_views_cats__form_html_erb___4505019714149808183_70309685332220'
  app/views/cats/new.html.erb:2:in `_app_views_cats_new_html_erb__1192589330793636322_70309685343580'
  app/controllers/cats_controller.rb:34:in `new'

Started POST "/__better_errors/76d56d393fca286b/variables" for ::1 at 2019-04-30 16:52:22 -0400
Started GET "/cats/new" for ::1 at 2019-04-30 16:53:31 -0400
Processing by CatsController#new as HTML
  Rendering cats/new.html.erb within layouts/application
  Rendered cats/_form.html.erb (1.2ms)
  Rendered cats/new.html.erb within layouts/application (4.6ms)
Completed 200 OK in 113ms (Views: 28.7ms | ActiveRecord: 14.3ms)


Started POST "/cats" for ::1 at 2019-04-30 16:54:20 -0400
Processing by CatsController#create as HTML
  Parameters: {"cat"=>{"name"=>"Sylvester", "birth_date"=>"1990-05-11", "color"=>"green", "sex"=>"M", "description"=>"Some call him pepe le pew, but he smells quite nice"}}
Can't verify CSRF token authenticity.
Completed 422 Unprocessable Entity in 1ms (ActiveRecord: 0.0ms)



ActionController::InvalidAuthenticityToken - ActionController::InvalidAuthenticityToken:

Started POST "/__better_errors/baed2ad99b31167b/variables" for ::1 at 2019-04-30 16:54:20 -0400
Started POST "/cats" for ::1 at 2019-04-30 16:55:18 -0400
Processing by CatsController#create as HTML
  Parameters: {"cat"=>{"name"=>"Sylvester", "birth_date"=>"1990-05-11", "color"=>"green", "sex"=>"M", "description"=>"Some call him pepe le pew, but he smells quite nice"}}
Can't verify CSRF token authenticity.
Completed 422 Unprocessable Entity in 2ms (ActiveRecord: 0.0ms)



ActionController::InvalidAuthenticityToken - ActionController::InvalidAuthenticityToken:

Started POST "/__better_errors/a39973395db67002/variables" for ::1 at 2019-04-30 16:55:18 -0400
Started POST "/cats" for ::1 at 2019-04-30 16:55:23 -0400
Processing by CatsController#create as HTML
  Parameters: {"cat"=>{"name"=>"Sylvester", "birth_date"=>"1990-05-11", "color"=>"green", "sex"=>"M", "description"=>"Some call him pepe le pew, but he smells quite nice"}}
Can't verify CSRF token authenticity.
Completed 422 Unprocessable Entity in 2ms (ActiveRecord: 0.0ms)



ActionController::InvalidAuthenticityToken - ActionController::InvalidAuthenticityToken:

Started POST "/__better_errors/3dbf4fedd735ec44/variables" for ::1 at 2019-04-30 16:55:23 -0400
Started POST "/cats" for ::1 at 2019-04-30 16:56:01 -0400
  [1m[35m (23.0ms)[0m  [1m[34mSELECT "schema_migrations"."version" FROM "schema_migrations" ORDER BY "schema_migrations"."version" ASC[0m
  ↳ /Users/aa/.rbenv/versions/2.5.1/lib/ruby/gems/2.5.0/gems/activerecord-5.2.3/lib/active_record/log_subscriber.rb:98
Processing by CatsController#create as HTML
  Parameters: {"cat"=>{"name"=>"Sylvester", "birth_date"=>"1990-05-11", "color"=>"green", "sex"=>"M", "description"=>"Some call him pepe le pew, but he smells quite nice"}}
  [1m[35m (0.3ms)[0m  [1m[35mBEGIN[0m
  ↳ app/controllers/cats_controller.rb:25
  [1m[36mCat Create (1.8ms)[0m  [1m[32mINSERT INTO "cats" ("created_at", "updated_at", "birth_date", "color", "name", "sex", "description") VALUES ($1, $2, $3, $4, $5, $6, $7) RETURNING "id"[0m  [["created_at", "2019-04-30 20:56:02.236342"], ["updated_at", "2019-04-30 20:56:02.236342"], ["birth_date", "1990-05-11"], ["color", "green"], ["name", "Sylvester"], ["sex", "M"], ["description", "Some call him pepe le pew, but he smells quite nice"]]
  ↳ app/controllers/cats_controller.rb:25
  [1m[35m (15.4ms)[0m  [1m[35mCOMMIT[0m
  ↳ app/controllers/cats_controller.rb:25
Completed 500 Internal Server Error in 318ms (ActiveRecord: 25.8ms)



NoMethodError - undefined method `redirect' for #<CatsController:0x00007fe23bc5dbc0>
Did you mean?  redirect_to:
  app/controllers/cats_controller.rb:26:in `create'

Started POST "/__better_errors/ac95f501052e9c5a/variables" for ::1 at 2019-04-30 16:56:02 -0400
Started POST "/cats" for ::1 at 2019-04-30 16:56:31 -0400
Processing by CatsController#create as HTML
  Parameters: {"cat"=>{"name"=>"Sylvester", "birth_date"=>"1990-05-11", "color"=>"green", "sex"=>"M", "description"=>"Some call him pepe le pew, but he smells quite nice"}}
  [1m[35m (0.3ms)[0m  [1m[35mBEGIN[0m
  ↳ app/controllers/cats_controller.rb:25
  [1m[36mCat Create (1.6ms)[0m  [1m[32mINSERT INTO "cats" ("created_at", "updated_at", "birth_date", "color", "name", "sex", "description") VALUES ($1, $2, $3, $4, $5, $6, $7) RETURNING "id"[0m  [["created_at", "2019-04-30 20:56:31.716097"], ["updated_at", "2019-04-30 20:56:31.716097"], ["birth_date", "1990-05-11"], ["color", "green"], ["name", "Sylvester"], ["sex", "M"], ["description", "Some call him pepe le pew, but he smells quite nice"]]
  ↳ app/controllers/cats_controller.rb:25
  [1m[35m (0.5ms)[0m  [1m[35mCOMMIT[0m
  ↳ app/controllers/cats_controller.rb:25
Redirected to http://localhost:3000/cats/8
Completed 302 Found in 41ms (ActiveRecord: 14.1ms)


Started GET "/cats/8" for ::1 at 2019-04-30 16:56:31 -0400
Processing by CatsController#show as HTML
  Parameters: {"id"=>"8"}
  [1m[36mCat Load (0.8ms)[0m  [1m[34mSELECT  "cats".* FROM "cats" WHERE "cats"."id" = $1 LIMIT $2[0m  [["id", 8], ["LIMIT", 1]]
  ↳ app/controllers/cats_controller.rb:11
  Rendering cats/show.html.erb within layouts/application
  Rendered cats/show.html.erb within layouts/application (1.6ms)
Completed 200 OK in 482ms (Views: 396.8ms | ActiveRecord: 2.7ms)


Started GET "/cats/1/edit" for ::1 at 2019-04-30 17:02:58 -0400
Processing by CatsController#edit as HTML
  Parameters: {"id"=>"1"}
  [1m[36mCat Load (0.8ms)[0m  [1m[34mSELECT  "cats".* FROM "cats" WHERE "cats"."id" = $1 LIMIT $2[0m  [["id", 1], ["LIMIT", 1]]
  ↳ app/controllers/cats_controller.rb:39
  Rendering cats/edit.html.erb within layouts/application
  Rendered cats/_form.html.erb (45.3ms)
  Rendered cats/edit.html.erb within layouts/application (64.2ms)
Completed 500 Internal Server Error in 160ms (ActiveRecord: 10.0ms)



NoMethodError - undefined method `persisted?' for nil:NilClass:
  app/views/cats/_form.html.erb:1:in `_app_views_cats__form_html_erb__1477302759734842717_70304861540240'
  app/views/cats/edit.html.erb:3:in `_app_views_cats_edit_html_erb___1253829862551776475_70304825506260'
  app/controllers/cats_controller.rb:40:in `edit'

Started POST "/__better_errors/ff50b4d248995216/variables" for ::1 at 2019-04-30 17:02:58 -0400
  [1m[36mCat Load (1.1ms)[0m  [1m[34mSELECT "cats".* FROM "cats"[0m
Started GET "/cats/2/edit" for ::1 at 2019-04-30 17:05:16 -0400
Processing by CatsController#edit as HTML
  Parameters: {"id"=>"2"}
  [1m[36mCat Load (1.1ms)[0m  [1m[34mSELECT  "cats".* FROM "cats" WHERE "cats"."id" = $1 LIMIT $2[0m  [["id", 2], ["LIMIT", 1]]
  ↳ app/controllers/cats_controller.rb:39
  Rendering cats/edit.html.erb within layouts/application
  Rendered cats/_form.html.erb (3.2ms)
  Rendered cats/edit.html.erb within layouts/application (32.4ms)
Completed 200 OK in 126ms (Views: 91.4ms | ActiveRecord: 11.9ms)


Started PATCH "/cats/2" for ::1 at 2019-04-30 17:05:28 -0400
Processing by CatsController#update as HTML
  Parameters: {"cat"=>{"name"=>"sparkles", "birth_date"=>"2000-04-30", "color"=>"blue", "sex"=>"F", "description"=>"Not just wow, but meow"}, "id"=>"2"}
  [1m[36mCat Load (2.4ms)[0m  [1m[34mSELECT  "cats".* FROM "cats" WHERE "cats"."id" = $1 LIMIT $2[0m  [["id", 2], ["LIMIT", 1]]
  ↳ app/controllers/cats_controller.rb:44
  [1m[35m (0.3ms)[0m  [1m[35mBEGIN[0m
  ↳ app/controllers/cats_controller.rb:46
  [1m[36mCat Update (17.4ms)[0m  [1m[33mUPDATE "cats" SET "color" = $1, "updated_at" = $2 WHERE "cats"."id" = $3[0m  [["color", "blue"], ["updated_at", "2019-04-30 21:05:28.588948"], ["id", 2]]
  ↳ app/controllers/cats_controller.rb:46
  [1m[35m (10.6ms)[0m  [1m[35mCOMMIT[0m
  ↳ app/controllers/cats_controller.rb:46
Redirected to http://localhost:3000/cats/2
Completed 302 Found in 48ms (ActiveRecord: 30.7ms)


Started GET "/cats/2" for ::1 at 2019-04-30 17:05:28 -0400
Processing by CatsController#show as HTML
  Parameters: {"id"=>"2"}
  [1m[36mCat Load (0.7ms)[0m  [1m[34mSELECT  "cats".* FROM "cats" WHERE "cats"."id" = $1 LIMIT $2[0m  [["id", 2], ["LIMIT", 1]]
  ↳ app/controllers/cats_controller.rb:11
  Rendering cats/show.html.erb within layouts/application
  Rendered cats/show.html.erb within layouts/application (1.1ms)
Completed 200 OK in 45ms (Views: 42.8ms | ActiveRecord: 0.7ms)


Started GET "/cats" for ::1 at 2019-04-30 17:05:37 -0400
Processing by CatsController#index as HTML
  Rendering cats/index.html.erb within layouts/application
  [1m[36mCat Load (0.5ms)[0m  [1m[34mSELECT "cats".* FROM "cats"[0m
  ↳ app/views/cats/index.html.erb:7
  Rendered cats/index.html.erb within layouts/application (26.3ms)
Completed 200 OK in 119ms (Views: 53.6ms | ActiveRecord: 10.3ms)


Started GET "/cats/new" for ::1 at 2019-04-30 17:05:39 -0400
Processing by CatsController#new as HTML
  Rendering cats/new.html.erb within layouts/application
  Rendered cats/_form.html.erb (1.3ms)
  Rendered cats/new.html.erb within layouts/application (31.7ms)
Completed 200 OK in 91ms (Views: 90.3ms | ActiveRecord: 0.0ms)


Started GET "/cats/new" for ::1 at 2019-04-30 17:07:53 -0400
Processing by CatsController#new as HTML
  Rendering cats/new.html.erb within layouts/application
  Rendered cats/_form.html.erb (0.8ms)
  Rendered cats/new.html.erb within layouts/application (3.6ms)
Completed 200 OK in 83ms (Views: 81.6ms | ActiveRecord: 0.0ms)


Started GET "/cats/new" for ::1 at 2019-04-30 17:18:37 -0400
Processing by CatsController#new as HTML
  Rendering cats/new.html.erb within layouts/application
  Rendered cats/_form.html.erb (4.1ms)
  Rendered cats/new.html.erb within layouts/application (9.1ms)
Completed 200 OK in 90ms (Views: 85.3ms | ActiveRecord: 0.0ms)


Started GET "/cats/new" for ::1 at 2019-04-30 17:19:02 -0400
Processing by CatsController#new as HTML
  Rendering cats/new.html.erb within layouts/application
  Rendered cats/_form.html.erb (2.5ms)
  Rendered cats/new.html.erb within layouts/application (6.2ms)
Completed 200 OK in 55ms (Views: 53.0ms | ActiveRecord: 0.0ms)


Started GET "/cats/new" for ::1 at 2019-04-30 17:19:45 -0400
Processing by CatsController#new as HTML
  Rendering cats/new.html.erb within layouts/application
  Rendered cats/_form.html.erb (3.7ms)
  Rendered cats/new.html.erb within layouts/application (8.2ms)
Completed 200 OK in 57ms (Views: 56.2ms | ActiveRecord: 0.0ms)


Started GET "/cats/new" for ::1 at 2019-04-30 17:21:31 -0400
Processing by CatsController#new as HTML
  Rendering cats/new.html.erb within layouts/application
  Rendered cats/_form.html.erb (5.0ms)
  Rendered cats/new.html.erb within layouts/application (17.4ms)
Completed 200 OK in 70ms (Views: 67.5ms | ActiveRecord: 0.0ms)


Started GET "/cats/new" for ::1 at 2019-04-30 17:22:00 -0400
Processing by CatsController#new as HTML
  Rendering cats/new.html.erb within layouts/application
  Rendered cats/_form.html.erb (3.7ms)
  Rendered cats/new.html.erb within layouts/application (28.5ms)
Completed 200 OK in 81ms (Views: 80.0ms | ActiveRecord: 0.0ms)


Started GET "/cats/new" for ::1 at 2019-04-30 17:22:07 -0400
Processing by CatsController#new as HTML
  Rendering cats/new.html.erb within layouts/application
  Rendered cats/_form.html.erb (1.4ms)
  Rendered cats/new.html.erb within layouts/application (3.6ms)
Completed 200 OK in 19ms (Views: 18.4ms | ActiveRecord: 0.0ms)


Started GET "/cats/new" for ::1 at 2019-04-30 17:24:30 -0400
Processing by CatsController#new as HTML
  Rendering cats/new.html.erb within layouts/application
  Rendered cats/_form.html.erb (1.7ms)
  Rendered cats/new.html.erb within layouts/application (6.8ms)
Completed 200 OK in 64ms (Views: 62.5ms | ActiveRecord: 0.0ms)


Started GET "/cats/new" for ::1 at 2019-04-30 17:25:02 -0400
Processing by CatsController#new as HTML
  Rendering cats/new.html.erb within layouts/application
  Rendered cats/_form.html.erb (2.1ms)
  Rendered cats/new.html.erb within layouts/application (6.4ms)
Completed 200 OK in 29ms (Views: 27.1ms | ActiveRecord: 0.0ms)


Started GET "/cats/3/edit" for ::1 at 2019-04-30 17:25:50 -0400
Processing by CatsController#edit as HTML
  Parameters: {"id"=>"3"}
  [1m[36mCat Load (1.5ms)[0m  [1m[34mSELECT  "cats".* FROM "cats" WHERE "cats"."id" = $1 LIMIT $2[0m  [["id", 3], ["LIMIT", 1]]
  ↳ app/controllers/cats_controller.rb:39
  Rendering cats/edit.html.erb within layouts/application
  Rendered cats/_form.html.erb (2.5ms)
  Rendered cats/edit.html.erb within layouts/application (6.4ms)
Completed 200 OK in 80ms (Views: 66.7ms | ActiveRecord: 2.1ms)


Started GET "/cats/3/edit" for ::1 at 2019-04-30 17:28:15 -0400
Processing by CatsController#edit as HTML
  Parameters: {"id"=>"3"}
  [1m[36mCat Load (0.5ms)[0m  [1m[34mSELECT  "cats".* FROM "cats" WHERE "cats"."id" = $1 LIMIT $2[0m  [["id", 3], ["LIMIT", 1]]
  ↳ app/controllers/cats_controller.rb:39
  Rendering cats/edit.html.erb within layouts/application
  Rendered cats/_form.html.erb (2.0ms)
  Rendered cats/edit.html.erb within layouts/application (5.7ms)
Completed 200 OK in 99ms (Views: 96.7ms | ActiveRecord: 0.5ms)


Started GET "/cats/3/edit" for ::1 at 2019-04-30 17:28:16 -0400
Processing by CatsController#edit as HTML
  Parameters: {"id"=>"3"}
  [1m[36mCat Load (1.0ms)[0m  [1m[34mSELECT  "cats".* FROM "cats" WHERE "cats"."id" = $1 LIMIT $2[0m  [["id", 3], ["LIMIT", 1]]
  ↳ app/controllers/cats_controller.rb:39
  Rendering cats/edit.html.erb within layouts/application
  Rendered cats/_form.html.erb (1.4ms)
  Rendered cats/edit.html.erb within layouts/application (3.7ms)
Completed 200 OK in 21ms (Views: 17.1ms | ActiveRecord: 1.0ms)


Started GET "/cats/3/edit" for ::1 at 2019-04-30 17:28:17 -0400
Processing by CatsController#edit as HTML
  Parameters: {"id"=>"3"}
  [1m[36mCat Load (0.7ms)[0m  [1m[34mSELECT  "cats".* FROM "cats" WHERE "cats"."id" = $1 LIMIT $2[0m  [["id", 3], ["LIMIT", 1]]
  ↳ app/controllers/cats_controller.rb:39
  Rendering cats/edit.html.erb within layouts/application
  Rendered cats/_form.html.erb (1.5ms)
  Rendered cats/edit.html.erb within layouts/application (5.3ms)
Completed 200 OK in 20ms (Views: 17.0ms | ActiveRecord: 0.7ms)


Started GET "/cats/3/edit" for ::1 at 2019-04-30 17:28:30 -0400
Processing by CatsController#edit as HTML
  Parameters: {"id"=>"3"}
  [1m[36mCat Load (2.1ms)[0m  [1m[34mSELECT  "cats".* FROM "cats" WHERE "cats"."id" = $1 LIMIT $2[0m  [["id", 3], ["LIMIT", 1]]
  ↳ app/controllers/cats_controller.rb:39
  Rendering cats/edit.html.erb within layouts/application
  Rendered cats/_form.html.erb (1.7ms)
  Rendered cats/edit.html.erb within layouts/application (4.5ms)
Completed 200 OK in 21ms (Views: 16.4ms | ActiveRecord: 2.1ms)


Started GET "/cats/3/edit" for ::1 at 2019-04-30 17:28:32 -0400
Processing by CatsController#edit as HTML
  Parameters: {"id"=>"3"}
  [1m[36mCat Load (0.8ms)[0m  [1m[34mSELECT  "cats".* FROM "cats" WHERE "cats"."id" = $1 LIMIT $2[0m  [["id", 3], ["LIMIT", 1]]
  ↳ app/controllers/cats_controller.rb:39
  Rendering cats/edit.html.erb within layouts/application
  Rendered cats/_form.html.erb (2.1ms)
  Rendered cats/edit.html.erb within layouts/application (5.4ms)
Completed 200 OK in 23ms (Views: 20.0ms | ActiveRecord: 0.8ms)


Started GET "/cats/3/edit" for ::1 at 2019-04-30 17:30:26 -0400
Processing by CatsController#edit as HTML
  Parameters: {"id"=>"3"}
  [1m[36mCat Load (2.2ms)[0m  [1m[34mSELECT  "cats".* FROM "cats" WHERE "cats"."id" = $1 LIMIT $2[0m  [["id", 3], ["LIMIT", 1]]
  ↳ app/controllers/cats_controller.rb:39
  Rendering cats/edit.html.erb within layouts/application
  Rendered cats/_form.html.erb (3.3ms)
  Rendered cats/edit.html.erb within layouts/application (6.7ms)
Completed 200 OK in 71ms (Views: 64.3ms | ActiveRecord: 2.2ms)


Started GET "/cats" for ::1 at 2019-04-30 17:32:21 -0400
Processing by CatsController#index as HTML
  Rendering cats/index.html.erb within layouts/application
  [1m[36mCat Load (0.7ms)[0m  [1m[34mSELECT "cats".* FROM "cats"[0m
  ↳ app/views/cats/index.html.erb:7
  Rendered cats/index.html.erb within layouts/application (5.0ms)
Completed 200 OK in 78ms (Views: 76.5ms | ActiveRecord: 0.7ms)


Started GET "/cats/7" for ::1 at 2019-04-30 17:32:24 -0400
Processing by CatsController#show as HTML
  Parameters: {"id"=>"7"}
  [1m[36mCat Load (0.5ms)[0m  [1m[34mSELECT  "cats".* FROM "cats" WHERE "cats"."id" = $1 LIMIT $2[0m  [["id", 7], ["LIMIT", 1]]
  ↳ app/controllers/cats_controller.rb:11
  Rendering cats/show.html.erb within layouts/application
  Rendered cats/show.html.erb within layouts/application (0.8ms)
Completed 200 OK in 81ms (Views: 77.3ms | ActiveRecord: 0.5ms)


Started GET "/cats/6" for ::1 at 2019-04-30 17:32:37 -0400
Processing by CatsController#show as HTML
  Parameters: {"id"=>"6"}
  [1m[36mCat Load (0.4ms)[0m  [1m[34mSELECT  "cats".* FROM "cats" WHERE "cats"."id" = $1 LIMIT $2[0m  [["id", 6], ["LIMIT", 1]]
  ↳ app/controllers/cats_controller.rb:11
  Rendering cats/show.html.erb within layouts/application
  Rendered cats/show.html.erb within layouts/application (1.1ms)
Completed 200 OK in 44ms (Views: 41.4ms | ActiveRecord: 0.4ms)


Started GET "/cats/5" for ::1 at 2019-04-30 17:34:28 -0400
Processing by CatsController#show as HTML
  Parameters: {"id"=>"5"}
  [1m[36mCat Load (0.8ms)[0m  [1m[34mSELECT  "cats".* FROM "cats" WHERE "cats"."id" = $1 LIMIT $2[0m  [["id", 5], ["LIMIT", 1]]
  ↳ app/controllers/cats_controller.rb:11
  Rendering cats/show.html.erb within layouts/application
  Rendered cats/show.html.erb within layouts/application (1.3ms)
Completed 200 OK in 55ms (Views: 50.9ms | ActiveRecord: 0.8ms)


Started GET "/cats/4" for ::1 at 2019-04-30 17:34:32 -0400
Processing by CatsController#show as HTML
  Parameters: {"id"=>"4"}
  [1m[36mCat Load (0.4ms)[0m  [1m[34mSELECT  "cats".* FROM "cats" WHERE "cats"."id" = $1 LIMIT $2[0m  [["id", 4], ["LIMIT", 1]]
  ↳ app/controllers/cats_controller.rb:11
  Rendering cats/show.html.erb within layouts/application
  Rendered cats/show.html.erb within layouts/application (1.3ms)
Completed 200 OK in 19ms (Views: 16.7ms | ActiveRecord: 0.4ms)


Started GET "/cats/2" for ::1 at 2019-04-30 17:34:36 -0400
Processing by CatsController#show as HTML
  Parameters: {"id"=>"2"}
  [1m[36mCat Load (0.3ms)[0m  [1m[34mSELECT  "cats".* FROM "cats" WHERE "cats"."id" = $1 LIMIT $2[0m  [["id", 2], ["LIMIT", 1]]
  ↳ app/controllers/cats_controller.rb:11
  Rendering cats/show.html.erb within layouts/application
  Rendered cats/show.html.erb within layouts/application (1.6ms)
Completed 200 OK in 19ms (Views: 16.9ms | ActiveRecord: 0.3ms)


Started GET "/cats/3" for ::1 at 2019-04-30 17:34:46 -0400
Processing by CatsController#show as HTML
  Parameters: {"id"=>"3"}
  [1m[36mCat Load (0.4ms)[0m  [1m[34mSELECT  "cats".* FROM "cats" WHERE "cats"."id" = $1 LIMIT $2[0m  [["id", 3], ["LIMIT", 1]]
  ↳ app/controllers/cats_controller.rb:11
  Rendering cats/show.html.erb within layouts/application
  Rendered cats/show.html.erb within layouts/application (1.0ms)
Completed 200 OK in 17ms (Views: 14.5ms | ActiveRecord: 0.4ms)


Started GET "/cats/3" for ::1 at 2019-04-30 17:35:50 -0400
Processing by CatsController#show as HTML
  Parameters: {"id"=>"3"}
  [1m[36mCat Load (0.4ms)[0m  [1m[34mSELECT  "cats".* FROM "cats" WHERE "cats"."id" = $1 LIMIT $2[0m  [["id", 3], ["LIMIT", 1]]
  ↳ app/controllers/cats_controller.rb:11
  Rendering cats/show.html.erb within layouts/application
  Rendered cats/show.html.erb within layouts/application (2.1ms)
Completed 200 OK in 25ms (Views: 23.3ms | ActiveRecord: 0.4ms)


Started GET "/cats/" for ::1 at 2019-04-30 17:35:56 -0400
Processing by CatsController#index as HTML
  Rendering cats/index.html.erb within layouts/application
  [1m[36mCat Load (4.8ms)[0m  [1m[34mSELECT "cats".* FROM "cats"[0m
  ↳ app/views/cats/index.html.erb:7
  Rendered cats/index.html.erb within layouts/application (9.9ms)
Completed 200 OK in 64ms (Views: 56.6ms | ActiveRecord: 4.8ms)


Started GET "/cats/3" for ::1 at 2019-04-30 17:36:35 -0400
Processing by CatsController#show as HTML
  Parameters: {"id"=>"3"}
  [1m[36mCat Load (0.6ms)[0m  [1m[34mSELECT  "cats".* FROM "cats" WHERE "cats"."id" = $1 LIMIT $2[0m  [["id", 3], ["LIMIT", 1]]
  ↳ app/controllers/cats_controller.rb:11
  Rendering cats/show.html.erb within layouts/application
  Rendered cats/show.html.erb within layouts/application (13.3ms)
Completed 200 OK in 131ms (Views: 126.3ms | ActiveRecord: 0.6ms)


Started GET "/cats/6" for ::1 at 2019-04-30 17:36:47 -0400
Processing by CatsController#show as HTML
  Parameters: {"id"=>"6"}
  [1m[36mCat Load (0.4ms)[0m  [1m[34mSELECT  "cats".* FROM "cats" WHERE "cats"."id" = $1 LIMIT $2[0m  [["id", 6], ["LIMIT", 1]]
  ↳ app/controllers/cats_controller.rb:11
  Rendering cats/show.html.erb within layouts/application
  Rendered cats/show.html.erb within layouts/application (1.4ms)
Completed 200 OK in 30ms (Views: 27.4ms | ActiveRecord: 0.4ms)


Started GET "/cats/4" for ::1 at 2019-04-30 17:36:56 -0400
Processing by CatsController#show as HTML
  Parameters: {"id"=>"4"}
  [1m[36mCat Load (0.5ms)[0m  [1m[34mSELECT  "cats".* FROM "cats" WHERE "cats"."id" = $1 LIMIT $2[0m  [["id", 4], ["LIMIT", 1]]
  ↳ app/controllers/cats_controller.rb:11
  Rendering cats/show.html.erb within layouts/application
  Rendered cats/show.html.erb within layouts/application (1.1ms)
Completed 200 OK in 17ms (Views: 14.2ms | ActiveRecord: 0.5ms)


Started GET "/cats/4/edit" for ::1 at 2019-04-30 17:37:04 -0400
Processing by CatsController#edit as HTML
  Parameters: {"id"=>"4"}
  [1m[36mCat Load (1.6ms)[0m  [1m[34mSELECT  "cats".* FROM "cats" WHERE "cats"."id" = $1 LIMIT $2[0m  [["id", 4], ["LIMIT", 1]]
  ↳ app/controllers/cats_controller.rb:39
  Rendering cats/edit.html.erb within layouts/application
  Rendered cats/_form.html.erb (1.9ms)
  Rendered cats/edit.html.erb within layouts/application (35.8ms)
Completed 200 OK in 114ms (Views: 109.6ms | ActiveRecord: 1.6ms)


Started GET "/cats/new" for ::1 at 2019-04-30 17:37:26 -0400
Processing by CatsController#new as HTML
  Rendering cats/new.html.erb within layouts/application
  Rendered cats/_form.html.erb (2.2ms)
  Rendered cats/new.html.erb within layouts/application (6.8ms)
Completed 200 OK in 113ms (Views: 112.1ms | ActiveRecord: 0.0ms)


