  [1m[35m (492.0ms)[0m  [1m[35mCREATE DATABASE "URLShortener_development" ENCODING = 'unicode'[0m
  ↳ /Users/aa/Desktop/rand/AppAcademyProjects/W3D3/URLShortener/bin/rails:9
  [1m[35m (283.1ms)[0m  [1m[35mCREATE DATABASE "URLShortener_test" ENCODING = 'unicode'[0m
  ↳ /Users/aa/Desktop/rand/AppAcademyProjects/W3D3/URLShortener/bin/rails:9
  [1m[35m (180.0ms)[0m  [1m[35mCREATE TABLE "schema_migrations" ("version" character varying NOT NULL PRIMARY KEY)[0m
  ↳ /Users/aa/Desktop/rand/AppAcademyProjects/W3D3/URLShortener/bin/rails:9
  [1m[35m (45.3ms)[0m  [1m[35mCREATE TABLE "ar_internal_metadata" ("key" character varying NOT NULL PRIMARY KEY, "value" character varying, "created_at" timestamp NOT NULL, "updated_at" timestamp NOT NULL)[0m
  ↳ /Users/aa/Desktop/rand/AppAcademyProjects/W3D3/URLShortener/bin/rails:9
  [1m[35m (0.6ms)[0m  [1m[34mSELECT pg_try_advisory_lock(4762635147840476445)[0m
  ↳ /Users/aa/Desktop/rand/AppAcademyProjects/W3D3/URLShortener/bin/rails:9
  [1m[35m (4.3ms)[0m  [1m[34mSELECT "schema_migrations"."version" FROM "schema_migrations" ORDER BY "schema_migrations"."version" ASC[0m
  ↳ /Users/aa/Desktop/rand/AppAcademyProjects/W3D3/URLShortener/bin/rails:9
Migrating to CreateUsers (20190424185859)
  [1m[35m (0.3ms)[0m  [1m[35mBEGIN[0m
  ↳ /Users/aa/Desktop/rand/AppAcademyProjects/W3D3/URLShortener/bin/rails:9
  [1m[35m (25.5ms)[0m  [1m[31mROLLBACK[0m
  ↳ /Users/aa/Desktop/rand/AppAcademyProjects/W3D3/URLShortener/bin/rails:9
  [1m[35m (0.6ms)[0m  [1m[34mSELECT pg_advisory_unlock(4762635147840476445)[0m
  ↳ /Users/aa/Desktop/rand/AppAcademyProjects/W3D3/URLShortener/bin/rails:9
  [1m[35m (0.3ms)[0m  [1m[34mSELECT pg_try_advisory_lock(4762635147840476445)[0m
  ↳ /Users/aa/Desktop/rand/AppAcademyProjects/W3D3/URLShortener/bin/rails:9
  [1m[35m (1.0ms)[0m  [1m[34mSELECT "schema_migrations"."version" FROM "schema_migrations" ORDER BY "schema_migrations"."version" ASC[0m
  ↳ /Users/aa/Desktop/rand/AppAcademyProjects/W3D3/URLShortener/bin/rails:9
Migrating to CreateUsers (20190424185859)
  [1m[35m (0.2ms)[0m  [1m[35mBEGIN[0m
  ↳ /Users/aa/Desktop/rand/AppAcademyProjects/W3D3/URLShortener/bin/rails:9
  [1m[35m (93.7ms)[0m  [1m[35mCREATE TABLE "users" ("id" bigserial primary key, "email" character varying NOT NULL, "created_at" timestamp NOT NULL, "updated_at" timestamp NOT NULL)[0m
  ↳ /Users/aa/Desktop/rand/AppAcademyProjects/W3D3/URLShortener/db/migrate/20190424185859_create_users.rb:3
  [1m[35m (1.8ms)[0m  [1m[31mROLLBACK[0m
  ↳ /Users/aa/Desktop/rand/AppAcademyProjects/W3D3/URLShortener/bin/rails:9
  [1m[35m (0.4ms)[0m  [1m[34mSELECT pg_advisory_unlock(4762635147840476445)[0m
  ↳ /Users/aa/Desktop/rand/AppAcademyProjects/W3D3/URLShortener/bin/rails:9
  [1m[35m (0.3ms)[0m  [1m[34mSELECT pg_try_advisory_lock(4762635147840476445)[0m
  ↳ /Users/aa/Desktop/rand/AppAcademyProjects/W3D3/URLShortener/bin/rails:9
  [1m[35m (1.0ms)[0m  [1m[34mSELECT "schema_migrations"."version" FROM "schema_migrations" ORDER BY "schema_migrations"."version" ASC[0m
  ↳ /Users/aa/Desktop/rand/AppAcademyProjects/W3D3/URLShortener/bin/rails:9
Migrating to CreateUsers (20190424185859)
  [1m[35m (0.3ms)[0m  [1m[35mBEGIN[0m
  ↳ /Users/aa/Desktop/rand/AppAcademyProjects/W3D3/URLShortener/bin/rails:9
  [1m[35m (30.1ms)[0m  [1m[35mCREATE TABLE "users" ("id" bigserial primary key, "email" character varying NOT NULL, "created_at" timestamp NOT NULL, "updated_at" timestamp NOT NULL)[0m
  ↳ /Users/aa/Desktop/rand/AppAcademyProjects/W3D3/URLShortener/db/migrate/20190424185859_create_users.rb:3
  [1m[35m (5.8ms)[0m  [1m[35mCREATE UNIQUE INDEX  "index_users_on_email" ON "users"  ("email")[0m
  ↳ /Users/aa/Desktop/rand/AppAcademyProjects/W3D3/URLShortener/db/migrate/20190424185859_create_users.rb:8
  [1m[36mActiveRecord::SchemaMigration Create (0.8ms)[0m  [1m[32mINSERT INTO "schema_migrations" ("version") VALUES ($1) RETURNING "version"[0m  [["version", "20190424185859"]]
  ↳ /Users/aa/Desktop/rand/AppAcademyProjects/W3D3/URLShortener/bin/rails:9
  [1m[35m (0.6ms)[0m  [1m[35mCOMMIT[0m
  ↳ /Users/aa/Desktop/rand/AppAcademyProjects/W3D3/URLShortener/bin/rails:9
Migrating to CreateShortenedUrl (20190424190358)
  [1m[35m (0.5ms)[0m  [1m[35mBEGIN[0m
  ↳ /Users/aa/Desktop/rand/AppAcademyProjects/W3D3/URLShortener/bin/rails:9
  [1m[35m (20.6ms)[0m  [1m[35mCREATE TABLE "shortened_urls" ("id" bigserial primary key)[0m
  ↳ /Users/aa/Desktop/rand/AppAcademyProjects/W3D3/URLShortener/db/migrate/20190424190358_create_shortened_url.rb:3
  [1m[36mActiveRecord::SchemaMigration Create (0.9ms)[0m  [1m[32mINSERT INTO "schema_migrations" ("version") VALUES ($1) RETURNING "version"[0m  [["version", "20190424190358"]]
  ↳ /Users/aa/Desktop/rand/AppAcademyProjects/W3D3/URLShortener/bin/rails:9
  [1m[35m (0.9ms)[0m  [1m[35mCOMMIT[0m
  ↳ /Users/aa/Desktop/rand/AppAcademyProjects/W3D3/URLShortener/bin/rails:9
  [1m[36mActiveRecord::InternalMetadata Load (12.7ms)[0m  [1m[34mSELECT  "ar_internal_metadata".* FROM "ar_internal_metadata" WHERE "ar_internal_metadata"."key" = $1 LIMIT $2[0m  [["key", "environment"], ["LIMIT", 1]]
  ↳ /Users/aa/Desktop/rand/AppAcademyProjects/W3D3/URLShortener/bin/rails:9
  [1m[35m (0.2ms)[0m  [1m[35mBEGIN[0m
  ↳ /Users/aa/Desktop/rand/AppAcademyProjects/W3D3/URLShortener/bin/rails:9
  [1m[36mActiveRecord::InternalMetadata Create (8.0ms)[0m  [1m[32mINSERT INTO "ar_internal_metadata" ("key", "value", "created_at", "updated_at") VALUES ($1, $2, $3, $4) RETURNING "key"[0m  [["key", "environment"], ["value", "development"], ["created_at", "2019-04-24 19:26:35.825248"], ["updated_at", "2019-04-24 19:26:35.825248"]]
  ↳ /Users/aa/Desktop/rand/AppAcademyProjects/W3D3/URLShortener/bin/rails:9
  [1m[35m (0.8ms)[0m  [1m[35mCOMMIT[0m
  ↳ /Users/aa/Desktop/rand/AppAcademyProjects/W3D3/URLShortener/bin/rails:9
  [1m[35m (1.3ms)[0m  [1m[34mSELECT pg_advisory_unlock(4762635147840476445)[0m
  ↳ /Users/aa/Desktop/rand/AppAcademyProjects/W3D3/URLShortener/bin/rails:9
  [1m[35m (0.6ms)[0m  [1m[34mSELECT "schema_migrations"."version" FROM "schema_migrations" ORDER BY "schema_migrations"."version" ASC[0m
  ↳ /Users/aa/Desktop/rand/AppAcademyProjects/W3D3/URLShortener/bin/rails:9
  [1m[35m (0.3ms)[0m  [1m[35mBEGIN[0m
  [1m[36mUser Exists (19.9ms)[0m  [1m[34mSELECT  1 AS one FROM "users" WHERE "users"."email" IS NULL LIMIT $1[0m  [["LIMIT", 1]]
  [1m[35m (0.4ms)[0m  [1m[31mROLLBACK[0m
  [1m[35m (0.3ms)[0m  [1m[35mBEGIN[0m
  [1m[36mUser Exists (1.2ms)[0m  [1m[34mSELECT  1 AS one FROM "users" WHERE "users"."email" = $1 LIMIT $2[0m  [["email", "man@gmail.com"], ["LIMIT", 1]]
  [1m[36mUser Create (7.9ms)[0m  [1m[32mINSERT INTO "users" ("email", "created_at", "updated_at") VALUES ($1, $2, $3) RETURNING "id"[0m  [["email", "man@gmail.com"], ["created_at", "2019-04-24 19:40:30.383599"], ["updated_at", "2019-04-24 19:40:30.383599"]]
  [1m[35m (7.1ms)[0m  [1m[35mCOMMIT[0m
  [1m[35m (0.3ms)[0m  [1m[35mBEGIN[0m
  [1m[36mUser Exists (0.7ms)[0m  [1m[34mSELECT  1 AS one FROM "users" WHERE "users"."email" = $1 LIMIT $2[0m  [["email", "man@gmail.com"], ["LIMIT", 1]]
  [1m[35m (0.3ms)[0m  [1m[31mROLLBACK[0m
  [1m[35m (0.3ms)[0m  [1m[34mSELECT pg_try_advisory_lock(4762635147840476445)[0m
  ↳ /Users/aa/Desktop/rand/AppAcademyProjects/W3D3/URLShortener/bin/rails:9
  [1m[35m (1.1ms)[0m  [1m[34mSELECT "schema_migrations"."version" FROM "schema_migrations" ORDER BY "schema_migrations"."version" ASC[0m
  ↳ /Users/aa/Desktop/rand/AppAcademyProjects/W3D3/URLShortener/bin/rails:9
Migrating to AddColumns (20190424193050)
  [1m[35m (0.3ms)[0m  [1m[35mBEGIN[0m
  ↳ /Users/aa/Desktop/rand/AppAcademyProjects/W3D3/URLShortener/bin/rails:9
  [1m[35m (67.3ms)[0m  [1m[35mALTER TABLE "shortened_urls" ADD "long_url" character varying[0m
  ↳ /Users/aa/Desktop/rand/AppAcademyProjects/W3D3/URLShortener/db/migrate/20190424193050_add_columns.rb:3
  [1m[35m (0.6ms)[0m  [1m[35mALTER TABLE "shortened_urls" ADD "short_url" character varying[0m
  ↳ /Users/aa/Desktop/rand/AppAcademyProjects/W3D3/URLShortener/db/migrate/20190424193050_add_columns.rb:4
  [1m[35m (0.6ms)[0m  [1m[35mALTER TABLE "shortened_urls" ADD "user_id" character varying[0m
  ↳ /Users/aa/Desktop/rand/AppAcademyProjects/W3D3/URLShortener/db/migrate/20190424193050_add_columns.rb:5
  [1m[35m (1.8ms)[0m  [1m[35mCREATE  INDEX  "index_shortened_urls_on_user_id" ON "shortened_urls"  ("user_id")[0m
  ↳ /Users/aa/Desktop/rand/AppAcademyProjects/W3D3/URLShortener/db/migrate/20190424193050_add_columns.rb:7
  [1m[35m (1.4ms)[0m  [1m[35mCREATE UNIQUE INDEX  "index_shortened_urls_on_long_url" ON "shortened_urls"  ("long_url")[0m
  ↳ /Users/aa/Desktop/rand/AppAcademyProjects/W3D3/URLShortener/db/migrate/20190424193050_add_columns.rb:8
  [1m[36mActiveRecord::SchemaMigration Create (0.6ms)[0m  [1m[32mINSERT INTO "schema_migrations" ("version") VALUES ($1) RETURNING "version"[0m  [["version", "20190424193050"]]
  ↳ /Users/aa/Desktop/rand/AppAcademyProjects/W3D3/URLShortener/bin/rails:9
  [1m[35m (0.9ms)[0m  [1m[35mCOMMIT[0m
  ↳ /Users/aa/Desktop/rand/AppAcademyProjects/W3D3/URLShortener/bin/rails:9
  [1m[36mActiveRecord::InternalMetadata Load (0.8ms)[0m  [1m[34mSELECT  "ar_internal_metadata".* FROM "ar_internal_metadata" WHERE "ar_internal_metadata"."key" = $1 LIMIT $2[0m  [["key", "environment"], ["LIMIT", 1]]
  ↳ /Users/aa/Desktop/rand/AppAcademyProjects/W3D3/URLShortener/bin/rails:9
  [1m[35m (0.2ms)[0m  [1m[35mBEGIN[0m
  ↳ /Users/aa/Desktop/rand/AppAcademyProjects/W3D3/URLShortener/bin/rails:9
  [1m[35m (0.2ms)[0m  [1m[35mCOMMIT[0m
  ↳ /Users/aa/Desktop/rand/AppAcademyProjects/W3D3/URLShortener/bin/rails:9
  [1m[35m (0.4ms)[0m  [1m[34mSELECT pg_advisory_unlock(4762635147840476445)[0m
  ↳ /Users/aa/Desktop/rand/AppAcademyProjects/W3D3/URLShortener/bin/rails:9
  [1m[35m (0.5ms)[0m  [1m[34mSELECT "schema_migrations"."version" FROM "schema_migrations" ORDER BY "schema_migrations"."version" ASC[0m
  ↳ /Users/aa/Desktop/rand/AppAcademyProjects/W3D3/URLShortener/bin/rails:9
  [1m[36mUser Load (1.3ms)[0m  [1m[34mSELECT "users".* FROM "users"[0m
  [1m[36mUser Load (0.6ms)[0m  [1m[34mSELECT "users".* FROM "users"[0m
  [1m[36mUser Load (106.0ms)[0m  [1m[34mSELECT  "users".* FROM "users" WHERE (man@gmail.com) LIMIT $1[0m  [["LIMIT", 1]]
  [1m[36mUser Load (0.5ms)[0m  [1m[34mSELECT  "users".* FROM "users" WHERE "users"."email" = $1 LIMIT $2[0m  [["email", "man@gmail.com"], ["LIMIT", 1]]
  [1m[36mUser Load (0.6ms)[0m  [1m[34mSELECT  "users".* FROM "users" WHERE "users"."email" = $1 LIMIT $2[0m  [["email", "man2@gmail.com"], ["LIMIT", 1]]
  [1m[36mUser Load (0.5ms)[0m  [1m[34mSELECT "users".* FROM "users"[0m
  [1m[35m (0.3ms)[0m  [1m[34mSELECT pg_try_advisory_lock(4762635147840476445)[0m
  ↳ /Users/aa/Desktop/rand/AppAcademyProjects/W3D3/URLShortener/bin/rails:9
  [1m[35m (21.7ms)[0m  [1m[34mSELECT "schema_migrations"."version" FROM "schema_migrations" ORDER BY "schema_migrations"."version" ASC[0m
  ↳ /Users/aa/Desktop/rand/AppAcademyProjects/W3D3/URLShortener/bin/rails:9
Migrating to AddIndexShortUrl (20190424204232)
  [1m[35m (0.3ms)[0m  [1m[35mBEGIN[0m
  ↳ /Users/aa/Desktop/rand/AppAcademyProjects/W3D3/URLShortener/bin/rails:9
  [1m[35m (2.5ms)[0m  [1m[35mCREATE UNIQUE INDEX  "index_shortened_urls_on_short_url" ON "shortened_urls"  ("short_url")[0m
  ↳ /Users/aa/Desktop/rand/AppAcademyProjects/W3D3/URLShortener/db/migrate/20190424204232_add_index_short_url.rb:3
  [1m[35m (49.1ms)[0m  [1m[35mDROP INDEX  "index_shortened_urls_on_long_url"[0m
  ↳ /Users/aa/Desktop/rand/AppAcademyProjects/W3D3/URLShortener/db/migrate/20190424204232_add_index_short_url.rb:4
  [1m[36mActiveRecord::SchemaMigration Create (5.1ms)[0m  [1m[32mINSERT INTO "schema_migrations" ("version") VALUES ($1) RETURNING "version"[0m  [["version", "20190424204232"]]
  ↳ /Users/aa/Desktop/rand/AppAcademyProjects/W3D3/URLShortener/bin/rails:9
  [1m[35m (17.5ms)[0m  [1m[35mCOMMIT[0m
  ↳ /Users/aa/Desktop/rand/AppAcademyProjects/W3D3/URLShortener/bin/rails:9
  [1m[36mActiveRecord::InternalMetadata Load (1.7ms)[0m  [1m[34mSELECT  "ar_internal_metadata".* FROM "ar_internal_metadata" WHERE "ar_internal_metadata"."key" = $1 LIMIT $2[0m  [["key", "environment"], ["LIMIT", 1]]
  ↳ /Users/aa/Desktop/rand/AppAcademyProjects/W3D3/URLShortener/bin/rails:9
  [1m[35m (0.2ms)[0m  [1m[35mBEGIN[0m
  ↳ /Users/aa/Desktop/rand/AppAcademyProjects/W3D3/URLShortener/bin/rails:9
  [1m[35m (0.2ms)[0m  [1m[35mCOMMIT[0m
  ↳ /Users/aa/Desktop/rand/AppAcademyProjects/W3D3/URLShortener/bin/rails:9
  [1m[35m (0.3ms)[0m  [1m[34mSELECT pg_advisory_unlock(4762635147840476445)[0m
  ↳ /Users/aa/Desktop/rand/AppAcademyProjects/W3D3/URLShortener/bin/rails:9
  [1m[35m (0.6ms)[0m  [1m[34mSELECT "schema_migrations"."version" FROM "schema_migrations" ORDER BY "schema_migrations"."version" ASC[0m
  ↳ /Users/aa/Desktop/rand/AppAcademyProjects/W3D3/URLShortener/bin/rails:9
  [1m[36mUser Load (0.6ms)[0m  [1m[34mSELECT  "users".* FROM "users" ORDER BY "users"."id" ASC LIMIT $1[0m  [["LIMIT", 1]]
  [1m[36mUser Load (0.5ms)[0m  [1m[34mSELECT  "users".* FROM "users" ORDER BY "users"."id" ASC LIMIT $1[0m  [["LIMIT", 1]]
  [1m[36mShortenedUrl Exists (33.9ms)[0m  [1m[34mSELECT  1 AS one FROM "shortened_urls" WHERE "shortened_urls"."short_url" = $1 LIMIT $2[0m  [["short_url", "j_9s2Fo_92-Bxv6YeUBGMQ"], ["LIMIT", 1]]
  [1m[36mShortenedUrl Exists (0.7ms)[0m  [1m[34mSELECT  1 AS one FROM "shortened_urls" WHERE "shortened_urls"."short_url" = $1 LIMIT $2[0m  [["short_url", "BeOil-ksUM1n00fDizsKVA"], ["LIMIT", 1]]
  [1m[36mShortenedUrl Exists (0.7ms)[0m  [1m[34mSELECT  1 AS one FROM "shortened_urls" WHERE "shortened_urls"."short_url" = $1 LIMIT $2[0m  [["short_url", "piZZzNphszmW-2_lCSEWjg"], ["LIMIT", 1]]
  [1m[36mShortenedUrl Exists (0.6ms)[0m  [1m[34mSELECT  1 AS one FROM "shortened_urls" WHERE "shortened_urls"."short_url" = $1 LIMIT $2[0m  [["short_url", "PstlmSw--XOLnEeARK9q7Q"], ["LIMIT", 1]]
  [1m[36mShortenedUrl Exists (0.7ms)[0m  [1m[34mSELECT  1 AS one FROM "shortened_urls" WHERE "shortened_urls"."short_url" = $1 LIMIT $2[0m  [["short_url", "D_QQ5VCEbYBaLIs2ki9X8g"], ["LIMIT", 1]]
  [1m[36mUser Load (0.7ms)[0m  [1m[34mSELECT  "users".* FROM "users" ORDER BY "users"."id" ASC LIMIT $1[0m  [["LIMIT", 1]]
  [1m[36mUser Load (0.5ms)[0m  [1m[34mSELECT  "users".* FROM "users" ORDER BY "users"."id" ASC LIMIT $1[0m  [["LIMIT", 1]]
  [1m[36mShortenedUrl Exists (0.5ms)[0m  [1m[34mSELECT  1 AS one FROM "shortened_urls" WHERE "shortened_urls"."short_url" = $1 LIMIT $2[0m  [["short_url", "Elh5gz0Jph-BSw39IqdUBg"], ["LIMIT", 1]]
  [1m[36mUser Load (0.3ms)[0m  [1m[34mSELECT  "users".* FROM "users" ORDER BY "users"."id" ASC LIMIT $1[0m  [["LIMIT", 1]]
  [1m[36mShortenedUrl Exists (0.9ms)[0m  [1m[34mSELECT  1 AS one FROM "shortened_urls" WHERE "shortened_urls"."short_url" = $1 LIMIT $2[0m  [["short_url", "Bw19DpuDtJ75HSZCmxIHpg"], ["LIMIT", 1]]
  [1m[35m (0.3ms)[0m  [1m[35mBEGIN[0m
  [1m[36mShortenedUrl Create (8.7ms)[0m  [1m[32mINSERT INTO "shortened_urls" ("long_url", "short_url", "user_id") VALUES ($1, $2, $3) RETURNING "id"[0m  [["long_url", "google.com"], ["short_url", "Bw19DpuDtJ75HSZCmxIHpg"], ["user_id", "1"]]
  [1m[35m (1.4ms)[0m  [1m[35mCOMMIT[0m
  [1m[36mUser Load (0.7ms)[0m  [1m[34mSELECT  "users".* FROM "users" ORDER BY "users"."id" ASC LIMIT $1[0m  [["LIMIT", 1]]
  [1m[36mShortenedUrl Exists (0.7ms)[0m  [1m[34mSELECT  1 AS one FROM "shortened_urls" WHERE "shortened_urls"."short_url" = $1 LIMIT $2[0m  [["short_url", "lWbyhH456Oh5QYolGDL4Dg"], ["LIMIT", 1]]
  [1m[35m (0.2ms)[0m  [1m[35mBEGIN[0m
  [1m[36mShortenedUrl Create (0.6ms)[0m  [1m[32mINSERT INTO "shortened_urls" ("long_url", "short_url", "user_id") VALUES ($1, $2, $3) RETURNING "id"[0m  [["long_url", "sdcvmDHJSfvahjksdvfmvzdskhgavsdmhgfak.com"], ["short_url", "lWbyhH456Oh5QYolGDL4Dg"], ["user_id", "1"]]
  [1m[35m (0.5ms)[0m  [1m[35mCOMMIT[0m
  [1m[36mShortenedUrl Load (0.8ms)[0m  [1m[34mSELECT "shortened_urls".* FROM "shortened_urls"[0m
  [1m[36mUser Load (0.6ms)[0m  [1m[34mSELECT  "users".* FROM "users" ORDER BY "users"."id" ASC LIMIT $1[0m  [["LIMIT", 1]]
  [1m[36mShortenedUrl Exists (0.6ms)[0m  [1m[34mSELECT  1 AS one FROM "shortened_urls" WHERE "shortened_urls"."short_url" = $1 LIMIT $2[0m  [["short_url", "8oo3YshF_R_Khagaem4lsg"], ["LIMIT", 1]]
  [1m[35m (0.2ms)[0m  [1m[35mBEGIN[0m
  [1m[36mShortenedUrl Create (0.6ms)[0m  [1m[32mINSERT INTO "shortened_urls" ("long_url", "short_url", "user_id") VALUES ($1, $2, $3) RETURNING "id"[0m  [["long_url", "google.com"], ["short_url", "8oo3YshF_R_Khagaem4lsg"], ["user_id", "1"]]
  [1m[35m (16.0ms)[0m  [1m[35mCOMMIT[0m
  [1m[36mShortenedUrl Load (0.4ms)[0m  [1m[34mSELECT "shortened_urls".* FROM "shortened_urls"[0m
  [1m[36mShortenedUrl Load (0.5ms)[0m  [1m[34mSELECT  "shortened_urls".* FROM "shortened_urls" ORDER BY "shortened_urls"."id" ASC LIMIT $1[0m  [["LIMIT", 1]]
  [1m[36mShortenedUrl Load (0.8ms)[0m  [1m[34mSELECT  "shortened_urls".* FROM "shortened_urls" ORDER BY "shortened_urls"."id" ASC LIMIT $1[0m  [["LIMIT", 1]]
  [1m[36mUser Load (0.3ms)[0m  [1m[34mSELECT  "users".* FROM "users" WHERE "users"."id" = $1 LIMIT $2[0m  [["id", 1], ["LIMIT", 1]]
  [1m[36mShortenedUrl Load (0.7ms)[0m  [1m[34mSELECT  "shortened_urls".* FROM "shortened_urls" ORDER BY "shortened_urls"."id" ASC LIMIT $1[0m  [["LIMIT", 1]]
  [1m[36mUser Load (0.4ms)[0m  [1m[34mSELECT  "users".* FROM "users" WHERE "users"."id" = $1 LIMIT $2[0m  [["id", 1], ["LIMIT", 1]]
  [1m[36mShortenedUrl Load (0.6ms)[0m  [1m[34mSELECT  "shortened_urls".* FROM "shortened_urls" ORDER BY "shortened_urls"."id" ASC LIMIT $1[0m  [["LIMIT", 1]]
  [1m[36mUser Load (0.3ms)[0m  [1m[34mSELECT  "users".* FROM "users" ORDER BY "users"."id" ASC LIMIT $1[0m  [["LIMIT", 1]]
  [1m[36mUser Load (0.6ms)[0m  [1m[34mSELECT  "users".* FROM "users" ORDER BY "users"."id" ASC LIMIT $1[0m  [["LIMIT", 1]]
  [1m[36mShortenedUrl Load (0.5ms)[0m  [1m[34mSELECT "shortened_urls".* FROM "shortened_urls" WHERE "shortened_urls"."user_id" = $1[0m  [["user_id", "1"]]
  [1m[36mShortenedUrl Load (0.5ms)[0m  [1m[34mSELECT  "shortened_urls".* FROM "shortened_urls" ORDER BY "shortened_urls"."id" DESC LIMIT $1[0m  [["LIMIT", 1]]
  [1m[36mUser Load (0.6ms)[0m  [1m[34mSELECT  "users".* FROM "users" WHERE "users"."id" = $1 LIMIT $2[0m  [["id", 1], ["LIMIT", 1]]
  [1m[36mShortenedUrl Load (0.5ms)[0m  [1m[34mSELECT  "shortened_urls".* FROM "shortened_urls" WHERE "shortened_urls"."id" = $1 LIMIT $2[0m  [["id", 2], ["LIMIT", 1]]
  [1m[36mUser Load (0.7ms)[0m  [1m[34mSELECT  "users".* FROM "users" WHERE "users"."id" = $1 LIMIT $2[0m  [["id", 1], ["LIMIT", 1]]
